{"C:\\Users\\v-prisinghal\\Pri-Accelerators\\psl-docgen-main\\frontend\\src\\components\\Answer\\Answer.tsx": {"path":"C:\\Users\\v-prisinghal\\Pri-Accelerators\\psl-docgen-main\\frontend\\src\\components\\Answer\\Answer.tsx","statementMap":{"0":{"start":{"line":1,"column":0},"end":{"line":1,"column":75}},"1":{"start":{"line":2,"column":0},"end":{"line":2,"column":42}},"2":{"start":{"line":3,"column":0},"end":{"line":3,"column":69}},"3":{"start":{"line":4,"column":0},"end":{"line":4,"column":69}},"4":{"start":{"line":5,"column":0},"end":{"line":5,"column":88}},"5":{"start":{"line":6,"column":0},"end":{"line":6,"column":50}},"6":{"start":{"line":7,"column":0},"end":{"line":7,"column":79}},"7":{"start":{"line":8,"column":0},"end":{"line":8,"column":33}},"8":{"start":{"line":9,"column":0},"end":{"line":9,"column":34}},"9":{"start":{"line":10,"column":0},"end":{"line":10,"column":38}},"10":{"start":{"line":11,"column":0},"end":{"line":11,"column":83}},"11":{"start":{"line":12,"column":0},"end":{"line":12,"column":59}},"12":{"start":{"line":13,"column":0},"end":{"line":13,"column":57}},"13":{"start":{"line":15,"column":0},"end":{"line":15,"column":44}},"14":{"start":{"line":17,"column":0},"end":{"line":17,"column":40}},"15":{"start":{"line":24,"column":22},"end":{"line":384,"column":1}},"16":{"start":{"line":25,"column":35},"end":{"line":31,"column":3}},"17":{"start":{"line":26,"column":4},"end":{"line":26,"column":null}},"18":{"start":{"line":26,"column":40},"end":{"line":26,"column":null}},"19":{"start":{"line":27,"column":4},"end":{"line":27,"column":null}},"20":{"start":{"line":27,"column":38},"end":{"line":27,"column":null}},"21":{"start":{"line":28,"column":4},"end":{"line":28,"column":null}},"22":{"start":{"line":28,"column":47},"end":{"line":28,"column":null}},"23":{"start":{"line":29,"column":4},"end":{"line":29,"column":null}},"24":{"start":{"line":29,"column":59},"end":{"line":29,"column":null}},"25":{"start":{"line":30,"column":4},"end":{"line":30,"column":null}},"26":{"start":{"line":33,"column":69},"end":{"line":33,"column":86}},"27":{"start":{"line":34,"column":34},"end":{"line":34,"column":36}},"28":{"start":{"line":36,"column":23},"end":{"line":36,"column":67}},"29":{"start":{"line":36,"column":37},"end":{"line":36,"column":56}},"30":{"start":{"line":37,"column":52},"end":{"line":37,"column":80}},"31":{"start":{"line":38,"column":44},"end":{"line":38,"column":86}},"32":{"start":{"line":39,"column":58},"end":{"line":39,"column":73}},"33":{"start":{"line":40,"column":80},"end":{"line":40,"column":95}},"34":{"start":{"line":41,"column":58},"end":{"line":41,"column":82}},"35":{"start":{"line":42,"column":26},"end":{"line":42,"column":53}},"36":{"start":{"line":44,"column":4},"end":{"line":44,"column":117}},"37":{"start":{"line":45,"column":26},"end":{"line":45,"column":82}},"38":{"start":{"line":47,"column":29},"end":{"line":50,"column":3}},"39":{"start":{"line":48,"column":4},"end":{"line":48,"column":null}},"40":{"start":{"line":49,"column":4},"end":{"line":49,"column":null}},"41":{"start":{"line":52,"column":2},"end":{"line":54,"column":null}},"42":{"start":{"line":53,"column":4},"end":{"line":53,"column":null}},"43":{"start":{"line":56,"column":2},"end":{"line":66,"column":null}},"44":{"start":{"line":57,"column":4},"end":{"line":57,"column":46}},"45":{"start":{"line":57,"column":40},"end":{"line":57,"column":46}},"46":{"start":{"line":60,"column":4},"end":{"line":64,"column":null}},"47":{"start":{"line":61,"column":6},"end":{"line":61,"column":null}},"48":{"start":{"line":63,"column":6},"end":{"line":63,"column":null}},"49":{"start":{"line":65,"column":4},"end":{"line":65,"column":null}},"50":{"start":{"line":68,"column":33},"end":{"line":85,"column":3}},"51":{"start":{"line":69,"column":27},"end":{"line":69,"column":29}},"52":{"start":{"line":71,"column":4},"end":{"line":83,"column":null}},"53":{"start":{"line":72,"column":21},"end":{"line":72,"column":102}},"54":{"start":{"line":73,"column":6},"end":{"line":78,"column":null}},"55":{"start":{"line":74,"column":31},"end":{"line":74,"column":55}},"56":{"start":{"line":75,"column":8},"end":{"line":75,"column":null}},"57":{"start":{"line":77,"column":8},"end":{"line":77,"column":null}},"58":{"start":{"line":79,"column":11},"end":{"line":83,"column":null}},"59":{"start":{"line":80,"column":6},"end":{"line":80,"column":null}},"60":{"start":{"line":82,"column":6},"end":{"line":82,"column":null}},"61":{"start":{"line":84,"column":4},"end":{"line":84,"column":null}},"62":{"start":{"line":87,"column":32},"end":{"line":105,"column":3}},"63":{"start":{"line":88,"column":4},"end":{"line":88,"column":46}},"64":{"start":{"line":88,"column":40},"end":{"line":88,"column":46}},"65":{"start":{"line":90,"column":27},"end":{"line":90,"column":40}},"66":{"start":{"line":92,"column":4},"end":{"line":96,"column":null}},"67":{"start":{"line":93,"column":6},"end":{"line":93,"column":null}},"68":{"start":{"line":95,"column":6},"end":{"line":95,"column":null}},"69":{"start":{"line":97,"column":4},"end":{"line":100,"column":null}},"70":{"start":{"line":101,"column":4},"end":{"line":101,"column":null}},"71":{"start":{"line":104,"column":4},"end":{"line":104,"column":null}},"72":{"start":{"line":107,"column":35},"end":{"line":125,"column":3}},"73":{"start":{"line":108,"column":4},"end":{"line":108,"column":46}},"74":{"start":{"line":108,"column":40},"end":{"line":108,"column":46}},"75":{"start":{"line":110,"column":27},"end":{"line":110,"column":40}},"76":{"start":{"line":111,"column":4},"end":{"line":120,"column":null}},"77":{"start":{"line":112,"column":6},"end":{"line":112,"column":null}},"78":{"start":{"line":113,"column":6},"end":{"line":113,"column":null}},"79":{"start":{"line":114,"column":6},"end":{"line":114,"column":null}},"80":{"start":{"line":117,"column":6},"end":{"line":117,"column":null}},"81":{"start":{"line":118,"column":6},"end":{"line":118,"column":null}},"82":{"start":{"line":119,"column":6},"end":{"line":119,"column":null}},"83":{"start":{"line":121,"column":4},"end":{"line":124,"column":null}},"84":{"start":{"line":127,"column":29},"end":{"line":139,"column":3}},"85":{"start":{"line":128,"column":4},"end":{"line":128,"column":46}},"86":{"start":{"line":128,"column":40},"end":{"line":128,"column":46}},"87":{"start":{"line":129,"column":30},"end":{"line":129,"column":77}},"88":{"start":{"line":131,"column":23},"end":{"line":131,"column":51}},"89":{"start":{"line":132,"column":4},"end":{"line":136,"column":null}},"90":{"start":{"line":133,"column":6},"end":{"line":133,"column":null}},"91":{"start":{"line":135,"column":6},"end":{"line":135,"column":null}},"92":{"start":{"line":135,"column":46},"end":{"line":135,"column":68}},"93":{"start":{"line":138,"column":4},"end":{"line":138,"column":null}},"94":{"start":{"line":141,"column":35},"end":{"line":145,"column":3}},"95":{"start":{"line":142,"column":4},"end":{"line":142,"column":46}},"96":{"start":{"line":142,"column":40},"end":{"line":142,"column":46}},"97":{"start":{"line":143,"column":4},"end":{"line":143,"column":null}},"98":{"start":{"line":144,"column":4},"end":{"line":144,"column":null}},"99":{"start":{"line":147,"column":30},"end":{"line":151,"column":3}},"100":{"start":{"line":148,"column":4},"end":{"line":148,"column":null}},"101":{"start":{"line":149,"column":4},"end":{"line":149,"column":null}},"102":{"start":{"line":150,"column":4},"end":{"line":150,"column":null}},"103":{"start":{"line":153,"column":35},"end":{"line":189,"column":3}},"104":{"start":{"line":154,"column":4},"end":{"line":188,"column":null}},"105":{"start":{"line":184,"column":64},"end":{"line":184,"column":104}},"106":{"start":{"line":191,"column":45},"end":{"line":226,"column":3}},"107":{"start":{"line":192,"column":4},"end":{"line":225,"column":null}},"108":{"start":{"line":228,"column":21},"end":{"line":242,"column":null}},"109":{"start":{"line":231,"column":6},"end":{"line":234,"column":null}},"110":{"start":{"line":232,"column":22},"end":{"line":232,"column":61}},"111":{"start":{"line":233,"column":8},"end":{"line":233,"column":null}},"112":{"start":{"line":235,"column":25},"end":{"line":235,"column":53}},"113":{"start":{"line":236,"column":6},"end":{"line":240,"column":null}},"114":{"start":{"line":243,"column":2},"end":{"line":383,"column":null}},"115":{"start":{"line":267,"column":35},"end":{"line":267,"column":58}},"116":{"start":{"line":278,"column":35},"end":{"line":278,"column":61}},"117":{"start":{"line":294,"column":66},"end":{"line":294,"column":136}},"118":{"start":{"line":326,"column":14},"end":{"line":339,"column":null}},"119":{"start":{"line":332,"column":33},"end":{"line":332,"column":60}},"120":{"start":{"line":333,"column":35},"end":{"line":333,"column":106}},"121":{"start":{"line":346,"column":10},"end":{"line":346,"column":null}},"122":{"start":{"line":347,"column":10},"end":{"line":347,"column":null}},"123":{"start":{"line":24,"column":13},"end":{"line":24,"column":22}}},"fnMap":{"0":{"name":"(anonymous_1)","decl":{"start":{"line":24,"column":22},"end":{"line":24,"column":23}},"loc":{"start":{"line":24,"column":63},"end":{"line":384,"column":1}}},"1":{"name":"(anonymous_2)","decl":{"start":{"line":25,"column":35},"end":{"line":25,"column":36}},"loc":{"start":{"line":25,"column":59},"end":{"line":31,"column":3}}},"2":{"name":"(anonymous_3)","decl":{"start":{"line":36,"column":31},"end":{"line":36,"column":34}},"loc":{"start":{"line":36,"column":37},"end":{"line":36,"column":56}}},"3":{"name":"(anonymous_4)","decl":{"start":{"line":47,"column":29},"end":{"line":47,"column":32}},"loc":{"start":{"line":47,"column":34},"end":{"line":50,"column":3}}},"4":{"name":"(anonymous_5)","decl":{"start":{"line":52,"column":12},"end":{"line":52,"column":15}},"loc":{"start":{"line":52,"column":17},"end":{"line":54,"column":3}}},"5":{"name":"(anonymous_6)","decl":{"start":{"line":56,"column":12},"end":{"line":56,"column":15}},"loc":{"start":{"line":56,"column":17},"end":{"line":66,"column":3}}},"6":{"name":"(anonymous_7)","decl":{"start":{"line":68,"column":33},"end":{"line":68,"column":34}},"loc":{"start":{"line":68,"column":98},"end":{"line":85,"column":3}}},"7":{"name":"(anonymous_8)","decl":{"start":{"line":87,"column":32},"end":{"line":87,"column":37}},"loc":{"start":{"line":87,"column":43},"end":{"line":105,"column":3}}},"8":{"name":"(anonymous_9)","decl":{"start":{"line":107,"column":35},"end":{"line":107,"column":40}},"loc":{"start":{"line":107,"column":46},"end":{"line":125,"column":3}}},"9":{"name":"(anonymous_10)","decl":{"start":{"line":127,"column":29},"end":{"line":127,"column":30}},"loc":{"start":{"line":127,"column":99},"end":{"line":139,"column":3}}},"10":{"name":"(anonymous_11)","decl":{"start":{"line":135,"column":41},"end":{"line":135,"column":42}},"loc":{"start":{"line":135,"column":46},"end":{"line":135,"column":68}}},"11":{"name":"(anonymous_12)","decl":{"start":{"line":141,"column":35},"end":{"line":141,"column":40}},"loc":{"start":{"line":141,"column":46},"end":{"line":145,"column":3}}},"12":{"name":"(anonymous_13)","decl":{"start":{"line":147,"column":30},"end":{"line":147,"column":33}},"loc":{"start":{"line":147,"column":35},"end":{"line":151,"column":3}}},"13":{"name":"(anonymous_14)","decl":{"start":{"line":153,"column":35},"end":{"line":153,"column":38}},"loc":{"start":{"line":153,"column":40},"end":{"line":189,"column":3}}},"14":{"name":"(anonymous_15)","decl":{"start":{"line":184,"column":58},"end":{"line":184,"column":61}},"loc":{"start":{"line":184,"column":64},"end":{"line":184,"column":104}}},"15":{"name":"(anonymous_16)","decl":{"start":{"line":191,"column":45},"end":{"line":191,"column":48}},"loc":{"start":{"line":191,"column":50},"end":{"line":226,"column":3}}},"16":{"name":"(anonymous_17)","decl":{"start":{"line":229,"column":4},"end":{"line":229,"column":8}},"loc":{"start":{"line":229,"column":62},"end":{"line":241,"column":5}}},"17":{"name":"(anonymous_18)","decl":{"start":{"line":267,"column":29},"end":{"line":267,"column":32}},"loc":{"start":{"line":267,"column":35},"end":{"line":267,"column":58}}},"18":{"name":"(anonymous_19)","decl":{"start":{"line":278,"column":29},"end":{"line":278,"column":32}},"loc":{"start":{"line":278,"column":35},"end":{"line":278,"column":61}}},"19":{"name":"(anonymous_20)","decl":{"start":{"line":294,"column":60},"end":{"line":294,"column":61}},"loc":{"start":{"line":294,"column":66},"end":{"line":294,"column":136}}},"20":{"name":"(anonymous_21)","decl":{"start":{"line":325,"column":40},"end":{"line":325,"column":41}},"loc":{"start":{"line":325,"column":58},"end":{"line":340,"column":13}}},"21":{"name":"(anonymous_22)","decl":{"start":{"line":332,"column":27},"end":{"line":332,"column":30}},"loc":{"start":{"line":332,"column":33},"end":{"line":332,"column":60}}},"22":{"name":"(anonymous_23)","decl":{"start":{"line":333,"column":29},"end":{"line":333,"column":30}},"loc":{"start":{"line":333,"column":35},"end":{"line":333,"column":106}}},"23":{"name":"(anonymous_24)","decl":{"start":{"line":345,"column":19},"end":{"line":345,"column":22}},"loc":{"start":{"line":345,"column":24},"end":{"line":348,"column":9}}}},"branchMap":{"0":{"loc":{"start":{"line":26,"column":4},"end":{"line":26,"column":null}},"type":"if","locations":[{"start":{"line":26,"column":4},"end":{"line":26,"column":null}}]},"1":{"loc":{"start":{"line":27,"column":4},"end":{"line":27,"column":null}},"type":"if","locations":[{"start":{"line":27,"column":4},"end":{"line":27,"column":null}}]},"2":{"loc":{"start":{"line":28,"column":4},"end":{"line":28,"column":null}},"type":"if","locations":[{"start":{"line":28,"column":4},"end":{"line":28,"column":null}}]},"3":{"loc":{"start":{"line":29,"column":4},"end":{"line":29,"column":null}},"type":"if","locations":[{"start":{"line":29,"column":4},"end":{"line":29,"column":null}}]},"4":{"loc":{"start":{"line":44,"column":4},"end":{"line":44,"column":117}},"type":"binary-expr","locations":[{"start":{"line":44,"column":4},"end":{"line":44,"column":61}},{"start":{"line":44,"column":65},"end":{"line":44,"column":117}}]},"5":{"loc":{"start":{"line":57,"column":4},"end":{"line":57,"column":46}},"type":"if","locations":[{"start":{"line":57,"column":4},"end":{"line":57,"column":46}}]},"6":{"loc":{"start":{"line":60,"column":4},"end":{"line":64,"column":null}},"type":"if","locations":[{"start":{"line":60,"column":4},"end":{"line":64,"column":null}},{"start":{"line":62,"column":11},"end":{"line":64,"column":null}}]},"7":{"loc":{"start":{"line":60,"column":8},"end":{"line":60,"column":103}},"type":"binary-expr","locations":[{"start":{"line":60,"column":8},"end":{"line":60,"column":44}},{"start":{"line":60,"column":48},"end":{"line":60,"column":103}}]},"8":{"loc":{"start":{"line":68,"column":69},"end":{"line":68,"column":94}},"type":"default-arg","locations":[{"start":{"line":68,"column":89},"end":{"line":68,"column":94}}]},"9":{"loc":{"start":{"line":71,"column":4},"end":{"line":83,"column":null}},"type":"if","locations":[{"start":{"line":71,"column":4},"end":{"line":83,"column":null}},{"start":{"line":79,"column":11},"end":{"line":83,"column":null}}]},"10":{"loc":{"start":{"line":72,"column":21},"end":{"line":72,"column":102}},"type":"binary-expr","locations":[{"start":{"line":72,"column":21},"end":{"line":72,"column":40}},{"start":{"line":72,"column":45},"end":{"line":72,"column":101}}]},"11":{"loc":{"start":{"line":72,"column":45},"end":{"line":72,"column":101}},"type":"cond-expr","locations":[{"start":{"line":72,"column":65},"end":{"line":72,"column":96}},{"start":{"line":72,"column":99},"end":{"line":72,"column":101}}]},"12":{"loc":{"start":{"line":73,"column":6},"end":{"line":78,"column":null}},"type":"if","locations":[{"start":{"line":73,"column":6},"end":{"line":78,"column":null}},{"start":{"line":76,"column":13},"end":{"line":78,"column":null}}]},"13":{"loc":{"start":{"line":73,"column":10},"end":{"line":73,"column":72}},"type":"binary-expr","locations":[{"start":{"line":73,"column":10},"end":{"line":73,"column":18}},{"start":{"line":73,"column":22},"end":{"line":73,"column":72}}]},"14":{"loc":{"start":{"line":79,"column":11},"end":{"line":83,"column":null}},"type":"if","locations":[{"start":{"line":79,"column":11},"end":{"line":83,"column":null}},{"start":{"line":81,"column":11},"end":{"line":83,"column":null}}]},"15":{"loc":{"start":{"line":79,"column":15},"end":{"line":79,"column":55}},"type":"binary-expr","locations":[{"start":{"line":79,"column":15},"end":{"line":79,"column":32}},{"start":{"line":79,"column":36},"end":{"line":79,"column":55}}]},"16":{"loc":{"start":{"line":88,"column":4},"end":{"line":88,"column":46}},"type":"if","locations":[{"start":{"line":88,"column":4},"end":{"line":88,"column":46}}]},"17":{"loc":{"start":{"line":92,"column":4},"end":{"line":96,"column":null}},"type":"if","locations":[{"start":{"line":92,"column":4},"end":{"line":96,"column":null}},{"start":{"line":94,"column":11},"end":{"line":96,"column":null}}]},"18":{"loc":{"start":{"line":108,"column":4},"end":{"line":108,"column":46}},"type":"if","locations":[{"start":{"line":108,"column":4},"end":{"line":108,"column":46}}]},"19":{"loc":{"start":{"line":111,"column":4},"end":{"line":120,"column":null}},"type":"if","locations":[{"start":{"line":111,"column":4},"end":{"line":120,"column":null}},{"start":{"line":115,"column":11},"end":{"line":120,"column":null}}]},"20":{"loc":{"start":{"line":111,"column":8},"end":{"line":111,"column":112}},"type":"binary-expr","locations":[{"start":{"line":111,"column":8},"end":{"line":111,"column":35}},{"start":{"line":111,"column":39},"end":{"line":111,"column":73}},{"start":{"line":111,"column":77},"end":{"line":111,"column":112}}]},"21":{"loc":{"start":{"line":128,"column":4},"end":{"line":128,"column":46}},"type":"if","locations":[{"start":{"line":128,"column":4},"end":{"line":128,"column":46}}]},"22":{"loc":{"start":{"line":132,"column":4},"end":{"line":136,"column":null}},"type":"if","locations":[{"start":{"line":132,"column":4},"end":{"line":136,"column":null}},{"start":{"line":134,"column":11},"end":{"line":136,"column":null}}]},"23":{"loc":{"start":{"line":142,"column":4},"end":{"line":142,"column":46}},"type":"if","locations":[{"start":{"line":142,"column":4},"end":{"line":142,"column":46}}]},"24":{"loc":{"start":{"line":231,"column":6},"end":{"line":234,"column":null}},"type":"if","locations":[{"start":{"line":231,"column":6},"end":{"line":234,"column":null}}]},"25":{"loc":{"start":{"line":233,"column":19},"end":{"line":233,"column":47}},"type":"cond-expr","locations":[{"start":{"line":233,"column":27},"end":{"line":233,"column":35}},{"start":{"line":233,"column":38},"end":{"line":233,"column":47}}]},"26":{"loc":{"start":{"line":235,"column":25},"end":{"line":235,"column":53}},"type":"binary-expr","locations":[{"start":{"line":235,"column":25},"end":{"line":235,"column":47}},{"start":{"line":235,"column":51},"end":{"line":235,"column":53}}]},"27":{"loc":{"start":{"line":253,"column":18},"end":{"line":255,"column":53}},"type":"cond-expr","locations":[{"start":{"line":254,"column":22},"end":{"line":254,"column":105}},{"start":{"line":255,"column":22},"end":{"line":255,"column":53}}]},"28":{"loc":{"start":{"line":262,"column":15},"end":{"line":287,"column":null}},"type":"binary-expr","locations":[{"start":{"line":262,"column":15},"end":{"line":262,"column":31}},{"start":{"line":262,"column":35},"end":{"line":262,"column":66}},{"start":{"line":263,"column":16},"end":{"line":286,"column":null}}]},"29":{"loc":{"start":{"line":269,"column":22},"end":{"line":272,"column":67}},"type":"cond-expr","locations":[{"start":{"line":271,"column":26},"end":{"line":271,"column":67}},{"start":{"line":272,"column":26},"end":{"line":272,"column":67}}]},"30":{"loc":{"start":{"line":269,"column":22},"end":{"line":270,"column":99}},"type":"binary-expr","locations":[{"start":{"line":269,"column":22},"end":{"line":269,"column":57}},{"start":{"line":270,"column":22},"end":{"line":270,"column":99}}]},"31":{"loc":{"start":{"line":280,"column":22},"end":{"line":284,"column":67}},"type":"cond-expr","locations":[{"start":{"line":283,"column":26},"end":{"line":283,"column":65}},{"start":{"line":284,"column":26},"end":{"line":284,"column":67}}]},"32":{"loc":{"start":{"line":280,"column":22},"end":{"line":282,"column":49}},"type":"binary-expr","locations":[{"start":{"line":280,"column":22},"end":{"line":280,"column":57}},{"start":{"line":281,"column":22},"end":{"line":281,"column":56}},{"start":{"line":282,"column":22},"end":{"line":282,"column":49}}]},"33":{"loc":{"start":{"line":293,"column":11},"end":{"line":317,"column":null}},"type":"binary-expr","locations":[{"start":{"line":293,"column":11},"end":{"line":293,"column":42}},{"start":{"line":294,"column":12},"end":{"line":316,"column":null}}]},"34":{"loc":{"start":{"line":294,"column":66},"end":{"line":294,"column":136}},"type":"cond-expr","locations":[{"start":{"line":294,"column":103},"end":{"line":294,"column":129}},{"start":{"line":294,"column":132},"end":{"line":294,"column":136}}]},"35":{"loc":{"start":{"line":294,"column":66},"end":{"line":294,"column":100}},"type":"binary-expr","locations":[{"start":{"line":294,"column":66},"end":{"line":294,"column":83}},{"start":{"line":294,"column":87},"end":{"line":294,"column":100}}]},"36":{"loc":{"start":{"line":304,"column":23},"end":{"line":306,"column":39}},"type":"cond-expr","locations":[{"start":{"line":305,"column":26},"end":{"line":305,"column":71}},{"start":{"line":306,"column":26},"end":{"line":306,"column":39}}]},"37":{"loc":{"start":{"line":313,"column":30},"end":{"line":313,"column":80}},"type":"cond-expr","locations":[{"start":{"line":313,"column":50},"end":{"line":313,"column":63}},{"start":{"line":313,"column":66},"end":{"line":313,"column":80}}]},"38":{"loc":{"start":{"line":323,"column":9},"end":{"line":341,"column":null}},"type":"binary-expr","locations":[{"start":{"line":323,"column":9},"end":{"line":323,"column":26}},{"start":{"line":324,"column":10},"end":{"line":340,"column":null}}]},"39":{"loc":{"start":{"line":333,"column":35},"end":{"line":333,"column":106}},"type":"cond-expr","locations":[{"start":{"line":333,"column":72},"end":{"line":333,"column":99}},{"start":{"line":333,"column":102},"end":{"line":333,"column":106}}]},"40":{"loc":{"start":{"line":333,"column":35},"end":{"line":333,"column":69}},"type":"binary-expr","locations":[{"start":{"line":333,"column":35},"end":{"line":333,"column":52}},{"start":{"line":333,"column":56},"end":{"line":333,"column":69}}]},"41":{"loc":{"start":{"line":373,"column":11},"end":{"line":373,"column":115}},"type":"cond-expr","locations":[{"start":{"line":373,"column":46},"end":{"line":373,"column":74}},{"start":{"line":373,"column":77},"end":{"line":373,"column":115}}]}},"s":{"0":0,"1":0,"2":0,"3":0,"4":0,"5":0,"6":0,"7":0,"8":0,"9":0,"10":0,"11":0,"12":0,"13":0,"14":0,"15":0,"16":0,"17":0,"18":0,"19":0,"20":0,"21":0,"22":0,"23":0,"24":0,"25":0,"26":0,"27":0,"28":0,"29":0,"30":0,"31":0,"32":0,"33":0,"34":0,"35":0,"36":0,"37":0,"38":0,"39":0,"40":0,"41":0,"42":0,"43":0,"44":0,"45":0,"46":0,"47":0,"48":0,"49":0,"50":0,"51":0,"52":0,"53":0,"54":0,"55":0,"56":0,"57":0,"58":0,"59":0,"60":0,"61":0,"62":0,"63":0,"64":0,"65":0,"66":0,"67":0,"68":0,"69":0,"70":0,"71":0,"72":0,"73":0,"74":0,"75":0,"76":0,"77":0,"78":0,"79":0,"80":0,"81":0,"82":0,"83":0,"84":0,"85":0,"86":0,"87":0,"88":0,"89":0,"90":0,"91":0,"92":0,"93":0,"94":0,"95":0,"96":0,"97":0,"98":0,"99":0,"100":0,"101":0,"102":0,"103":0,"104":0,"105":0,"106":0,"107":0,"108":0,"109":0,"110":0,"111":0,"112":0,"113":0,"114":0,"115":0,"116":0,"117":0,"118":0,"119":0,"120":0,"121":0,"122":0,"123":0},"f":{"0":0,"1":0,"2":0,"3":0,"4":0,"5":0,"6":0,"7":0,"8":0,"9":0,"10":0,"11":0,"12":0,"13":0,"14":0,"15":0,"16":0,"17":0,"18":0,"19":0,"20":0,"21":0,"22":0,"23":0},"b":{"0":[0],"1":[0],"2":[0],"3":[0],"4":[0,0],"5":[0],"6":[0,0],"7":[0,0],"8":[0],"9":[0,0],"10":[0,0],"11":[0,0],"12":[0,0],"13":[0,0],"14":[0,0],"15":[0,0],"16":[0],"17":[0,0],"18":[0],"19":[0,0],"20":[0,0,0],"21":[0],"22":[0,0],"23":[0],"24":[0],"25":[0,0],"26":[0,0],"27":[0,0],"28":[0,0,0],"29":[0,0],"30":[0,0],"31":[0,0],"32":[0,0,0],"33":[0,0],"34":[0,0],"35":[0,0],"36":[0,0],"37":[0,0],"38":[0,0],"39":[0,0],"40":[0,0],"41":[0,0]}}
,"C:\\Users\\v-prisinghal\\Pri-Accelerators\\psl-docgen-main\\frontend\\src\\components\\Answer\\AnswerParser.tsx": {"path":"C:\\Users\\v-prisinghal\\Pri-Accelerators\\psl-docgen-main\\frontend\\src\\components\\Answer\\AnswerParser.tsx","statementMap":{"0":{"start":{"line":1,"column":0},"end":{"line":1,"column":34}},"1":{"start":{"line":10,"column":34},"end":{"line":22,"column":1}},"2":{"start":{"line":11,"column":22},"end":{"line":11,"column":31}},"3":{"start":{"line":12,"column":2},"end":{"line":20,"column":null}},"4":{"start":{"line":13,"column":25},"end":{"line":13,"column":33}},"5":{"start":{"line":14,"column":17},"end":{"line":14,"column":18}},"6":{"start":{"line":15,"column":4},"end":{"line":17,"column":null}},"7":{"start":{"line":16,"column":6},"end":{"line":16,"column":null}},"8":{"start":{"line":18,"column":4},"end":{"line":18,"column":null}},"9":{"start":{"line":19,"column":4},"end":{"line":19,"column":null}},"10":{"start":{"line":21,"column":2},"end":{"line":21,"column":null}},"11":{"start":{"line":10,"column":13},"end":{"line":10,"column":34}},"12":{"start":{"line":25,"column":19},"end":{"line":25,"column":32}},"13":{"start":{"line":26,"column":24},"end":{"line":26,"column":61}},"14":{"start":{"line":28,"column":21},"end":{"line":28,"column":34}},"15":{"start":{"line":30,"column":26},"end":{"line":30,"column":42}},"16":{"start":{"line":31,"column":24},"end":{"line":31,"column":25}},"17":{"start":{"line":32,"column":2},"end":{"line":42,"column":null}},"18":{"start":{"line":34,"column":26},"end":{"line":34,"column":65}},"19":{"start":{"line":35,"column":21},"end":{"line":35,"column":87}},"20":{"start":{"line":36,"column":4},"end":{"line":41,"column":null}},"21":{"start":{"line":36,"column":37},"end":{"line":36,"column":59}},"22":{"start":{"line":37,"column":6},"end":{"line":37,"column":null}},"23":{"start":{"line":38,"column":6},"end":{"line":38,"column":34}},"24":{"start":{"line":39,"column":6},"end":{"line":39,"column":55}},"25":{"start":{"line":40,"column":6},"end":{"line":40,"column":null}},"26":{"start":{"line":44,"column":2},"end":{"line":44,"column":null}},"27":{"start":{"line":46,"column":2},"end":{"line":49,"column":null}},"28":{"start":{"line":24,"column":0},"end":{"line":24,"column":16}}},"fnMap":{"0":{"name":"(anonymous_0)","decl":{"start":{"line":10,"column":34},"end":{"line":10,"column":35}},"loc":{"start":{"line":10,"column":60},"end":{"line":22,"column":1}}},"1":{"name":"parseAnswer","decl":{"start":{"line":24,"column":16},"end":{"line":24,"column":27}},"loc":{"start":{"line":24,"column":47},"end":{"line":50,"column":1}}},"2":{"name":"(anonymous_2)","decl":{"start":{"line":32,"column":25},"end":{"line":32,"column":29}},"loc":{"start":{"line":32,"column":32},"end":{"line":42,"column":3}}},"3":{"name":"(anonymous_3)","decl":{"start":{"line":36,"column":32},"end":{"line":36,"column":33}},"loc":{"start":{"line":36,"column":37},"end":{"line":36,"column":59}}}},"branchMap":{"0":{"loc":{"start":{"line":15,"column":4},"end":{"line":17,"column":null}},"type":"if","locations":[{"start":{"line":15,"column":4},"end":{"line":17,"column":null}}]},"1":{"loc":{"start":{"line":36,"column":4},"end":{"line":41,"column":null}},"type":"if","locations":[{"start":{"line":36,"column":4},"end":{"line":41,"column":null}}]},"2":{"loc":{"start":{"line":36,"column":8},"end":{"line":36,"column":72}},"type":"binary-expr","locations":[{"start":{"line":36,"column":8},"end":{"line":36,"column":60}},{"start":{"line":36,"column":64},"end":{"line":36,"column":72}}]}},"s":{"0":1,"1":1,"2":2,"3":2,"4":5,"5":5,"6":5,"7":2,"8":5,"9":5,"10":2,"11":1,"12":1,"13":1,"14":1,"15":1,"16":1,"17":1,"18":2,"19":2,"20":2,"21":1,"22":2,"23":2,"24":2,"25":2,"26":1,"27":1,"28":1},"f":{"0":2,"1":1,"2":2,"3":1},"b":{"0":[2],"1":[2],"2":[2,2]}}
,"C:\\Users\\v-prisinghal\\Pri-Accelerators\\psl-docgen-main\\frontend\\src\\components\\ChatHistory\\ChatHistoryList.tsx": {"path":"C:\\Users\\v-prisinghal\\Pri-Accelerators\\psl-docgen-main\\frontend\\src\\components\\ChatHistory\\ChatHistoryList.tsx","statementMap":{"0":{"start":{"line":1,"column":0},"end":{"line":1,"column":41}},"1":{"start":{"line":2,"column":0},"end":{"line":2,"column":56}},"2":{"start":{"line":5,"column":0},"end":{"line":5,"column":57}},"3":{"start":{"line":7,"column":0},"end":{"line":7,"column":65}},"4":{"start":{"line":16,"column":21},"end":{"line":60,"column":1}},"5":{"start":{"line":17,"column":39},"end":{"line":17,"column":73}},"6":{"start":{"line":18,"column":22},"end":{"line":18,"column":32}},"7":{"start":{"line":20,"column":2},"end":{"line":35,"column":null}},"8":{"start":{"line":21,"column":17},"end":{"line":21,"column":37}},"9":{"start":{"line":22,"column":27},"end":{"line":22,"column":91}},"10":{"start":{"line":23,"column":22},"end":{"line":23,"column":88}},"11":{"start":{"line":24,"column":26},"end":{"line":24,"column":73}},"12":{"start":{"line":24,"column":47},"end":{"line":24,"column":72}},"13":{"start":{"line":26,"column":4},"end":{"line":34,"column":null}},"14":{"start":{"line":27,"column":6},"end":{"line":27,"column":null}},"15":{"start":{"line":29,"column":6},"end":{"line":33,"column":null}},"16":{"start":{"line":30,"column":8},"end":{"line":30,"column":null}},"17":{"start":{"line":32,"column":8},"end":{"line":32,"column":null}},"18":{"start":{"line":37,"column":2},"end":{"line":49,"column":null}},"19":{"start":{"line":39,"column":4},"end":{"line":45,"column":null}},"20":{"start":{"line":40,"column":6},"end":{"line":40,"column":15}},"21":{"start":{"line":41,"column":11},"end":{"line":45,"column":null}},"22":{"start":{"line":42,"column":6},"end":{"line":42,"column":15}},"23":{"start":{"line":43,"column":11},"end":{"line":45,"column":null}},"24":{"start":{"line":44,"column":6},"end":{"line":44,"column":16}},"25":{"start":{"line":46,"column":18},"end":{"line":46,"column":45}},"26":{"start":{"line":47,"column":18},"end":{"line":47,"column":45}},"27":{"start":{"line":48,"column":4},"end":{"line":48,"column":null}},"28":{"start":{"line":51,"column":2},"end":{"line":57,"column":null}},"29":{"start":{"line":52,"column":4},"end":{"line":56,"column":null}},"30":{"start":{"line":53,"column":20},"end":{"line":53,"column":36}},"31":{"start":{"line":54,"column":20},"end":{"line":54,"column":36}},"32":{"start":{"line":55,"column":6},"end":{"line":55,"column":null}},"33":{"start":{"line":59,"column":2},"end":{"line":59,"column":null}},"34":{"start":{"line":62,"column":56},"end":{"line":84,"column":1}},"35":{"start":{"line":63,"column":26},"end":{"line":63,"column":53}},"36":{"start":{"line":64,"column":22},"end":{"line":64,"column":56}},"37":{"start":{"line":66,"column":2},"end":{"line":66,"column":null}},"38":{"start":{"line":69,"column":2},"end":{"line":81,"column":null}},"39":{"start":{"line":70,"column":4},"end":{"line":70,"column":null}},"40":{"start":{"line":72,"column":4},"end":{"line":80,"column":null}},"41":{"start":{"line":83,"column":2},"end":{"line":83,"column":null}},"42":{"start":{"line":86,"column":0},"end":{"line":86,"column":null}}},"fnMap":{"0":{"name":"(anonymous_6)","decl":{"start":{"line":16,"column":21},"end":{"line":16,"column":22}},"loc":{"start":{"line":16,"column":49},"end":{"line":60,"column":1}}},"1":{"name":"(anonymous_7)","decl":{"start":{"line":20,"column":18},"end":{"line":20,"column":23}},"loc":{"start":{"line":20,"column":26},"end":{"line":35,"column":3}}},"2":{"name":"(anonymous_8)","decl":{"start":{"line":24,"column":38},"end":{"line":24,"column":43}},"loc":{"start":{"line":24,"column":47},"end":{"line":24,"column":72}}},"3":{"name":"(anonymous_9)","decl":{"start":{"line":37,"column":14},"end":{"line":37,"column":15}},"loc":{"start":{"line":37,"column":23},"end":{"line":49,"column":3}}},"4":{"name":"(anonymous_10)","decl":{"start":{"line":51,"column":17},"end":{"line":51,"column":22}},"loc":{"start":{"line":51,"column":25},"end":{"line":57,"column":3}}},"5":{"name":"(anonymous_11)","decl":{"start":{"line":52,"column":23},"end":{"line":52,"column":24}},"loc":{"start":{"line":52,"column":32},"end":{"line":56,"column":5}}},"6":{"name":"(anonymous_12)","decl":{"start":{"line":62,"column":56},"end":{"line":62,"column":59}},"loc":{"start":{"line":62,"column":61},"end":{"line":84,"column":1}}},"7":{"name":"(anonymous_13)","decl":{"start":{"line":66,"column":18},"end":{"line":66,"column":21}},"loc":{"start":{"line":66,"column":23},"end":{"line":66,"column":26}}}},"branchMap":{"0":{"loc":{"start":{"line":26,"column":4},"end":{"line":34,"column":null}},"type":"if","locations":[{"start":{"line":26,"column":4},"end":{"line":34,"column":null}},{"start":{"line":28,"column":11},"end":{"line":34,"column":null}}]},"1":{"loc":{"start":{"line":29,"column":6},"end":{"line":33,"column":null}},"type":"if","locations":[{"start":{"line":29,"column":6},"end":{"line":33,"column":null}},{"start":{"line":31,"column":13},"end":{"line":33,"column":null}}]},"2":{"loc":{"start":{"line":39,"column":4},"end":{"line":45,"column":null}},"type":"if","locations":[{"start":{"line":39,"column":4},"end":{"line":45,"column":null}},{"start":{"line":41,"column":11},"end":{"line":45,"column":null}}]},"3":{"loc":{"start":{"line":39,"column":8},"end":{"line":39,"column":56}},"type":"binary-expr","locations":[{"start":{"line":39,"column":8},"end":{"line":39,"column":30}},{"start":{"line":39,"column":34},"end":{"line":39,"column":56}}]},"4":{"loc":{"start":{"line":41,"column":11},"end":{"line":45,"column":null}},"type":"if","locations":[{"start":{"line":41,"column":11},"end":{"line":45,"column":null}},{"start":{"line":43,"column":11},"end":{"line":45,"column":null}}]},"5":{"loc":{"start":{"line":43,"column":11},"end":{"line":45,"column":null}},"type":"if","locations":[{"start":{"line":43,"column":11},"end":{"line":45,"column":null}}]},"6":{"loc":{"start":{"line":69,"column":2},"end":{"line":81,"column":null}},"type":"if","locations":[{"start":{"line":69,"column":2},"end":{"line":81,"column":null}},{"start":{"line":71,"column":9},"end":{"line":81,"column":null}}]},"7":{"loc":{"start":{"line":69,"column":6},"end":{"line":69,"column":43}},"type":"binary-expr","locations":[{"start":{"line":69,"column":6},"end":{"line":69,"column":17}},{"start":{"line":69,"column":21},"end":{"line":69,"column":43}}]}},"s":{"0":0,"1":0,"2":0,"3":0,"4":0,"5":0,"6":0,"7":0,"8":0,"9":0,"10":0,"11":0,"12":0,"13":0,"14":0,"15":0,"16":0,"17":0,"18":0,"19":0,"20":0,"21":0,"22":0,"23":0,"24":0,"25":0,"26":0,"27":0,"28":0,"29":0,"30":0,"31":0,"32":0,"33":0,"34":0,"35":0,"36":0,"37":0,"38":0,"39":0,"40":0,"41":0,"42":0},"f":{"0":0,"1":0,"2":0,"3":0,"4":0,"5":0,"6":0,"7":0},"b":{"0":[0,0],"1":[0,0],"2":[0,0],"3":[0,0],"4":[0,0],"5":[0],"6":[0,0],"7":[0,0]}}
,"C:\\Users\\v-prisinghal\\Pri-Accelerators\\psl-docgen-main\\frontend\\src\\components\\ChatHistory\\ChatHistoryListItem.tsx": {"path":"C:\\Users\\v-prisinghal\\Pri-Accelerators\\psl-docgen-main\\frontend\\src\\components\\ChatHistory\\ChatHistoryListItem.tsx","statementMap":{"0":{"start":{"line":1,"column":0},"end":{"line":1,"column":30}},"1":{"start":{"line":2,"column":0},"end":{"line":2,"column":63}},"2":{"start":{"line":3,"column":0},"end":{"line":3,"column":null}},"3":{"start":{"line":19,"column":0},"end":{"line":19,"column":50}},"4":{"start":{"line":21,"column":0},"end":{"line":21,"column":69}},"5":{"start":{"line":23,"column":0},"end":{"line":23,"column":57}},"6":{"start":{"line":27,"column":0},"end":{"line":27,"column":50}},"7":{"start":{"line":28,"column":0},"end":{"line":28,"column":22}},"8":{"start":{"line":39,"column":20},"end":{"line":51,"column":1}},"9":{"start":{"line":40,"column":22},"end":{"line":40,"column":32}},"10":{"start":{"line":41,"column":22},"end":{"line":41,"column":47}},"11":{"start":{"line":43,"column":34},"end":{"line":43,"column":50}},"12":{"start":{"line":44,"column":15},"end":{"line":44,"column":35}},"13":{"start":{"line":46,"column":2},"end":{"line":50,"column":null}},"14":{"start":{"line":47,"column":4},"end":{"line":47,"column":null}},"15":{"start":{"line":49,"column":4},"end":{"line":49,"column":null}},"16":{"start":{"line":53,"column":79},"end":{"line":313,"column":1}},"17":{"start":{"line":54,"column":36},"end":{"line":54,"column":57}},"18":{"start":{"line":55,"column":26},"end":{"line":55,"column":41}},"19":{"start":{"line":56,"column":36},"end":{"line":56,"column":48}},"20":{"start":{"line":57,"column":61},"end":{"line":57,"column":77}},"21":{"start":{"line":58,"column":40},"end":{"line":58,"column":55}},"22":{"start":{"line":59,"column":44},"end":{"line":59,"column":59}},"23":{"start":{"line":60,"column":40},"end":{"line":60,"column":79}},"24":{"start":{"line":61,"column":50},"end":{"line":61,"column":65}},"25":{"start":{"line":62,"column":23},"end":{"line":62,"column":54}},"26":{"start":{"line":63,"column":50},"end":{"line":63,"column":74}},"27":{"start":{"line":65,"column":26},"end":{"line":65,"column":59}},"28":{"start":{"line":66,"column":21},"end":{"line":66,"column":72}},"29":{"start":{"line":67,"column":29},"end":{"line":72,"column":null}},"30":{"start":{"line":74,"column":21},"end":{"line":79,"column":null}},"31":{"start":{"line":81,"column":2},"end":{"line":83,"column":null}},"32":{"start":{"line":82,"column":4},"end":{"line":82,"column":null}},"33":{"start":{"line":85,"column":2},"end":{"line":90,"column":null}},"34":{"start":{"line":86,"column":4},"end":{"line":89,"column":null}},"35":{"start":{"line":87,"column":6},"end":{"line":87,"column":null}},"36":{"start":{"line":88,"column":6},"end":{"line":88,"column":null}},"37":{"start":{"line":92,"column":2},"end":{"line":97,"column":null}},"38":{"start":{"line":93,"column":4},"end":{"line":96,"column":null}},"39":{"start":{"line":94,"column":6},"end":{"line":94,"column":null}},"40":{"start":{"line":95,"column":6},"end":{"line":95,"column":null}},"41":{"start":{"line":99,"column":2},"end":{"line":103,"column":null}},"42":{"start":{"line":100,"column":12},"end":{"line":100,"column":53}},"43":{"start":{"line":101,"column":4},"end":{"line":102,"column":null}},"44":{"start":{"line":102,"column":6},"end":{"line":102,"column":null}},"45":{"start":{"line":105,"column":19},"end":{"line":116,"column":3}},"46":{"start":{"line":106,"column":21},"end":{"line":106,"column":49}},"47":{"start":{"line":107,"column":4},"end":{"line":114,"column":null}},"48":{"start":{"line":108,"column":6},"end":{"line":108,"column":null}},"49":{"start":{"line":109,"column":6},"end":{"line":111,"column":null}},"50":{"start":{"line":110,"column":8},"end":{"line":110,"column":null}},"51":{"start":{"line":113,"column":6},"end":{"line":113,"column":null}},"52":{"start":{"line":115,"column":4},"end":{"line":115,"column":null}},"53":{"start":{"line":118,"column":17},"end":{"line":122,"column":3}},"54":{"start":{"line":119,"column":4},"end":{"line":119,"column":null}},"55":{"start":{"line":120,"column":4},"end":{"line":120,"column":null}},"56":{"start":{"line":121,"column":4},"end":{"line":121,"column":null}},"57":{"start":{"line":124,"column":27},"end":{"line":127,"column":3}},"58":{"start":{"line":125,"column":4},"end":{"line":125,"column":null}},"59":{"start":{"line":126,"column":4},"end":{"line":126,"column":null}},"60":{"start":{"line":129,"column":25},"end":{"line":129,"column":101}},"61":{"start":{"line":131,"column":25},"end":{"line":175,"column":3}},"62":{"start":{"line":132,"column":4},"end":{"line":132,"column":null}},"63":{"start":{"line":133,"column":4},"end":{"line":135,"column":null}},"64":{"start":{"line":134,"column":6},"end":{"line":134,"column":12}},"65":{"start":{"line":136,"column":4},"end":{"line":146,"column":null}},"66":{"start":{"line":137,"column":6},"end":{"line":137,"column":null}},"67":{"start":{"line":138,"column":6},"end":{"line":144,"column":null}},"68":{"start":{"line":139,"column":8},"end":{"line":139,"column":null}},"69":{"start":{"line":140,"column":8},"end":{"line":140,"column":null}},"70":{"start":{"line":141,"column":8},"end":{"line":143,"column":null}},"71":{"start":{"line":142,"column":10},"end":{"line":142,"column":null}},"72":{"start":{"line":145,"column":6},"end":{"line":145,"column":12}},"73":{"start":{"line":147,"column":4},"end":{"line":157,"column":null}},"74":{"start":{"line":148,"column":6},"end":{"line":148,"column":null}},"75":{"start":{"line":149,"column":6},"end":{"line":155,"column":null}},"76":{"start":{"line":150,"column":8},"end":{"line":150,"column":null}},"77":{"start":{"line":151,"column":8},"end":{"line":151,"column":null}},"78":{"start":{"line":152,"column":8},"end":{"line":154,"column":null}},"79":{"start":{"line":153,"column":10},"end":{"line":153,"column":null}},"80":{"start":{"line":156,"column":6},"end":{"line":156,"column":12}},"81":{"start":{"line":158,"column":4},"end":{"line":158,"column":null}},"82":{"start":{"line":159,"column":21},"end":{"line":159,"column":60}},"83":{"start":{"line":160,"column":4},"end":{"line":174,"column":null}},"84":{"start":{"line":161,"column":6},"end":{"line":161,"column":null}},"85":{"start":{"line":162,"column":6},"end":{"line":168,"column":null}},"86":{"start":{"line":163,"column":8},"end":{"line":163,"column":null}},"87":{"start":{"line":164,"column":8},"end":{"line":164,"column":null}},"88":{"start":{"line":165,"column":8},"end":{"line":167,"column":null}},"89":{"start":{"line":166,"column":10},"end":{"line":166,"column":null}},"90":{"start":{"line":170,"column":6},"end":{"line":170,"column":null}},"91":{"start":{"line":171,"column":6},"end":{"line":171,"column":null}},"92":{"start":{"line":172,"column":6},"end":{"line":172,"column":null}},"93":{"start":{"line":173,"column":6},"end":{"line":173,"column":null}},"94":{"start":{"line":177,"column":35},"end":{"line":179,"column":3}},"95":{"start":{"line":178,"column":4},"end":{"line":178,"column":null}},"96":{"start":{"line":181,"column":26},"end":{"line":184,"column":3}},"97":{"start":{"line":182,"column":4},"end":{"line":182,"column":null}},"98":{"start":{"line":183,"column":4},"end":{"line":183,"column":null}},"99":{"start":{"line":186,"column":29},"end":{"line":194,"column":3}},"100":{"start":{"line":187,"column":4},"end":{"line":189,"column":null}},"101":{"start":{"line":188,"column":6},"end":{"line":188,"column":null}},"102":{"start":{"line":190,"column":4},"end":{"line":193,"column":null}},"103":{"start":{"line":191,"column":6},"end":{"line":191,"column":null}},"104":{"start":{"line":192,"column":6},"end":{"line":192,"column":12}},"105":{"start":{"line":196,"column":2},"end":{"line":312,"column":null}},"106":{"start":{"line":202,"column":21},"end":{"line":202,"column":39}},"107":{"start":{"line":203,"column":23},"end":{"line":203,"column":85}},"108":{"start":{"line":206,"column":26},"end":{"line":206,"column":44}},"109":{"start":{"line":207,"column":26},"end":{"line":207,"column":45}},"110":{"start":{"line":216,"column":62},"end":{"line":216,"column":79}},"111":{"start":{"line":236,"column":41},"end":{"line":236,"column":102}},"112":{"start":{"line":237,"column":38},"end":{"line":237,"column":55}},"113":{"start":{"line":245,"column":41},"end":{"line":245,"column":102}},"114":{"start":{"line":246,"column":39},"end":{"line":246,"column":56}},"115":{"start":{"line":278,"column":35},"end":{"line":278,"column":78}},"116":{"start":{"line":286,"column":35},"end":{"line":286,"column":66}},"117":{"start":{"line":53,"column":13},"end":{"line":53,"column":79}},"118":{"start":{"line":315,"column":83},"end":{"line":416,"column":1}},"119":{"start":{"line":316,"column":26},"end":{"line":316,"column":53}},"120":{"start":{"line":317,"column":25},"end":{"line":317,"column":37}},"121":{"start":{"line":318,"column":30},"end":{"line":318,"column":71}},"122":{"start":{"line":319,"column":30},"end":{"line":319,"column":50}},"123":{"start":{"line":320,"column":48},"end":{"line":320,"column":59}},"124":{"start":{"line":321,"column":40},"end":{"line":321,"column":55}},"125":{"start":{"line":322,"column":22},"end":{"line":322,"column":34}},"126":{"start":{"line":324,"column":30},"end":{"line":328,"column":3}},"127":{"start":{"line":325,"column":4},"end":{"line":327,"column":null}},"128":{"start":{"line":326,"column":6},"end":{"line":326,"column":null}},"129":{"start":{"line":330,"column":23},"end":{"line":332,"column":3}},"130":{"start":{"line":331,"column":4},"end":{"line":331,"column":null}},"131":{"start":{"line":331,"column":64},"end":{"line":331,"column":89}},"132":{"start":{"line":334,"column":2},"end":{"line":341,"column":null}},"133":{"start":{"line":335,"column":4},"end":{"line":338,"column":null}},"134":{"start":{"line":336,"column":6},"end":{"line":336,"column":null}},"135":{"start":{"line":337,"column":6},"end":{"line":337,"column":12}},"136":{"start":{"line":339,"column":4},"end":{"line":339,"column":null}},"137":{"start":{"line":340,"column":4},"end":{"line":340,"column":null}},"138":{"start":{"line":340,"column":25},"end":{"line":340,"column":37}},"139":{"start":{"line":343,"column":29},"end":{"line":357,"column":3}},"140":{"start":{"line":344,"column":31},"end":{"line":344,"column":65}},"141":{"start":{"line":345,"column":4},"end":{"line":345,"column":null}},"142":{"start":{"line":347,"column":4},"end":{"line":356,"column":null}},"143":{"start":{"line":348,"column":38},"end":{"line":348,"column":110}},"144":{"start":{"line":349,"column":6},"end":{"line":353,"column":null}},"145":{"start":{"line":350,"column":8},"end":{"line":350,"column":null}},"146":{"start":{"line":352,"column":8},"end":{"line":352,"column":null}},"147":{"start":{"line":354,"column":6},"end":{"line":354,"column":null}},"148":{"start":{"line":355,"column":6},"end":{"line":355,"column":null}},"149":{"start":{"line":359,"column":2},"end":{"line":372,"column":null}},"150":{"start":{"line":360,"column":21},"end":{"line":364,"column":null}},"151":{"start":{"line":362,"column":8},"end":{"line":362,"column":null}},"152":{"start":{"line":362,"column":39},"end":{"line":362,"column":null}},"153":{"start":{"line":362,"column":78},"end":{"line":362,"column":98}},"154":{"start":{"line":367,"column":4},"end":{"line":367,"column":null}},"155":{"start":{"line":367,"column":32},"end":{"line":367,"column":null}},"156":{"start":{"line":369,"column":4},"end":{"line":371,"column":null}},"157":{"start":{"line":370,"column":6},"end":{"line":370,"column":null}},"158":{"start":{"line":370,"column":34},"end":{"line":370,"column":null}},"159":{"start":{"line":374,"column":2},"end":{"line":415,"column":null}},"160":{"start":{"line":378,"column":10},"end":{"line":406,"column":null}},"161":{"start":{"line":315,"column":13},"end":{"line":315,"column":83}}},"fnMap":{"0":{"name":"(anonymous_7)","decl":{"start":{"line":39,"column":20},"end":{"line":39,"column":21}},"loc":{"start":{"line":39,"column":38},"end":{"line":51,"column":1}}},"1":{"name":"(anonymous_8)","decl":{"start":{"line":53,"column":79},"end":{"line":53,"column":80}},"loc":{"start":{"line":53,"column":102},"end":{"line":313,"column":1}}},"2":{"name":"(anonymous_9)","decl":{"start":{"line":85,"column":12},"end":{"line":85,"column":15}},"loc":{"start":{"line":85,"column":17},"end":{"line":90,"column":3}}},"3":{"name":"(anonymous_10)","decl":{"start":{"line":92,"column":12},"end":{"line":92,"column":15}},"loc":{"start":{"line":92,"column":17},"end":{"line":97,"column":3}}},"4":{"name":"(anonymous_11)","decl":{"start":{"line":99,"column":12},"end":{"line":99,"column":14}},"loc":{"start":{"line":99,"column":16},"end":{"line":103,"column":3}}},"5":{"name":"(anonymous_12)","decl":{"start":{"line":105,"column":19},"end":{"line":105,"column":24}},"loc":{"start":{"line":105,"column":30},"end":{"line":116,"column":3}}},"6":{"name":"(anonymous_13)","decl":{"start":{"line":109,"column":17},"end":{"line":109,"column":20}},"loc":{"start":{"line":109,"column":22},"end":{"line":111,"column":7}}},"7":{"name":"(anonymous_14)","decl":{"start":{"line":118,"column":17},"end":{"line":118,"column":20}},"loc":{"start":{"line":118,"column":22},"end":{"line":122,"column":3}}},"8":{"name":"(anonymous_15)","decl":{"start":{"line":124,"column":27},"end":{"line":124,"column":30}},"loc":{"start":{"line":124,"column":32},"end":{"line":127,"column":3}}},"9":{"name":"(anonymous_16)","decl":{"start":{"line":131,"column":25},"end":{"line":131,"column":30}},"loc":{"start":{"line":131,"column":42},"end":{"line":175,"column":3}}},"10":{"name":"(anonymous_17)","decl":{"start":{"line":138,"column":17},"end":{"line":138,"column":20}},"loc":{"start":{"line":138,"column":22},"end":{"line":144,"column":7}}},"11":{"name":"(anonymous_18)","decl":{"start":{"line":149,"column":17},"end":{"line":149,"column":20}},"loc":{"start":{"line":149,"column":22},"end":{"line":155,"column":7}}},"12":{"name":"(anonymous_19)","decl":{"start":{"line":162,"column":17},"end":{"line":162,"column":20}},"loc":{"start":{"line":162,"column":22},"end":{"line":168,"column":7}}},"13":{"name":"(anonymous_20)","decl":{"start":{"line":177,"column":35},"end":{"line":177,"column":36}},"loc":{"start":{"line":177,"column":46},"end":{"line":179,"column":3}}},"14":{"name":"(anonymous_21)","decl":{"start":{"line":181,"column":26},"end":{"line":181,"column":29}},"loc":{"start":{"line":181,"column":31},"end":{"line":184,"column":3}}},"15":{"name":"(anonymous_22)","decl":{"start":{"line":186,"column":29},"end":{"line":186,"column":30}},"loc":{"start":{"line":186,"column":40},"end":{"line":194,"column":3}}},"16":{"name":"(anonymous_23)","decl":{"start":{"line":202,"column":15},"end":{"line":202,"column":18}},"loc":{"start":{"line":202,"column":21},"end":{"line":202,"column":39}}},"17":{"name":"(anonymous_24)","decl":{"start":{"line":203,"column":17},"end":{"line":203,"column":18}},"loc":{"start":{"line":203,"column":23},"end":{"line":203,"column":85}}},"18":{"name":"(anonymous_25)","decl":{"start":{"line":206,"column":20},"end":{"line":206,"column":23}},"loc":{"start":{"line":206,"column":26},"end":{"line":206,"column":44}}},"19":{"name":"(anonymous_26)","decl":{"start":{"line":207,"column":20},"end":{"line":207,"column":23}},"loc":{"start":{"line":207,"column":26},"end":{"line":207,"column":45}}},"20":{"name":"(anonymous_27)","decl":{"start":{"line":216,"column":57},"end":{"line":216,"column":58}},"loc":{"start":{"line":216,"column":62},"end":{"line":216,"column":79}}},"21":{"name":"(anonymous_28)","decl":{"start":{"line":236,"column":35},"end":{"line":236,"column":36}},"loc":{"start":{"line":236,"column":41},"end":{"line":236,"column":102}}},"22":{"name":"(anonymous_29)","decl":{"start":{"line":237,"column":33},"end":{"line":237,"column":34}},"loc":{"start":{"line":237,"column":38},"end":{"line":237,"column":55}}},"23":{"name":"(anonymous_30)","decl":{"start":{"line":245,"column":35},"end":{"line":245,"column":36}},"loc":{"start":{"line":245,"column":41},"end":{"line":245,"column":102}}},"24":{"name":"(anonymous_31)","decl":{"start":{"line":246,"column":33},"end":{"line":246,"column":36}},"loc":{"start":{"line":246,"column":39},"end":{"line":246,"column":56}}},"25":{"name":"(anonymous_32)","decl":{"start":{"line":278,"column":29},"end":{"line":278,"column":30}},"loc":{"start":{"line":278,"column":35},"end":{"line":278,"column":78}}},"26":{"name":"(anonymous_33)","decl":{"start":{"line":286,"column":29},"end":{"line":286,"column":30}},"loc":{"start":{"line":286,"column":35},"end":{"line":286,"column":66}}},"27":{"name":"(anonymous_34)","decl":{"start":{"line":315,"column":83},"end":{"line":315,"column":84}},"loc":{"start":{"line":315,"column":110},"end":{"line":416,"column":1}}},"28":{"name":"(anonymous_35)","decl":{"start":{"line":324,"column":30},"end":{"line":324,"column":31}},"loc":{"start":{"line":324,"column":54},"end":{"line":328,"column":3}}},"29":{"name":"(anonymous_36)","decl":{"start":{"line":330,"column":23},"end":{"line":330,"column":24}},"loc":{"start":{"line":330,"column":47},"end":{"line":332,"column":3}}},"30":{"name":"(anonymous_37)","decl":{"start":{"line":331,"column":58},"end":{"line":331,"column":61}},"loc":{"start":{"line":331,"column":64},"end":{"line":331,"column":89}}},"31":{"name":"(anonymous_38)","decl":{"start":{"line":334,"column":12},"end":{"line":334,"column":15}},"loc":{"start":{"line":334,"column":17},"end":{"line":341,"column":3}}},"32":{"name":"(anonymous_39)","decl":{"start":{"line":340,"column":14},"end":{"line":340,"column":20}},"loc":{"start":{"line":340,"column":25},"end":{"line":340,"column":37}}},"33":{"name":"(anonymous_40)","decl":{"start":{"line":343,"column":29},"end":{"line":343,"column":34}},"loc":{"start":{"line":343,"column":40},"end":{"line":357,"column":3}}},"34":{"name":"(anonymous_41)","decl":{"start":{"line":347,"column":35},"end":{"line":347,"column":43}},"loc":{"start":{"line":347,"column":46},"end":{"line":356,"column":5}}},"35":{"name":"(anonymous_42)","decl":{"start":{"line":359,"column":12},"end":{"line":359,"column":15}},"loc":{"start":{"line":359,"column":17},"end":{"line":372,"column":3}}},"36":{"name":"(anonymous_43)","decl":{"start":{"line":361,"column":6},"end":{"line":361,"column":13}},"loc":{"start":{"line":361,"column":16},"end":{"line":363,"column":7}}},"37":{"name":"(anonymous_44)","decl":{"start":{"line":362,"column":58},"end":{"line":362,"column":73}},"loc":{"start":{"line":362,"column":78},"end":{"line":362,"column":98}}},"38":{"name":"(anonymous_45)","decl":{"start":{"line":369,"column":11},"end":{"line":369,"column":14}},"loc":{"start":{"line":369,"column":16},"end":{"line":371,"column":5}}},"39":{"name":"(anonymous_46)","decl":{"start":{"line":377,"column":8},"end":{"line":377,"column":13}},"loc":{"start":{"line":378,"column":10},"end":{"line":406,"column":null}}}},"branchMap":{"0":{"loc":{"start":{"line":46,"column":2},"end":{"line":50,"column":null}},"type":"if","locations":[{"start":{"line":46,"column":2},"end":{"line":50,"column":null}},{"start":{"line":48,"column":9},"end":{"line":50,"column":null}}]},"1":{"loc":{"start":{"line":81,"column":2},"end":{"line":83,"column":null}},"type":"if","locations":[{"start":{"line":81,"column":2},"end":{"line":83,"column":null}}]},"2":{"loc":{"start":{"line":86,"column":4},"end":{"line":89,"column":null}},"type":"if","locations":[{"start":{"line":86,"column":4},"end":{"line":89,"column":null}}]},"3":{"loc":{"start":{"line":86,"column":8},"end":{"line":86,"column":48}},"type":"binary-expr","locations":[{"start":{"line":86,"column":8},"end":{"line":86,"column":24}},{"start":{"line":86,"column":28},"end":{"line":86,"column":48}}]},"4":{"loc":{"start":{"line":93,"column":4},"end":{"line":96,"column":null}},"type":"if","locations":[{"start":{"line":93,"column":4},"end":{"line":96,"column":null}}]},"5":{"loc":{"start":{"line":101,"column":4},"end":{"line":102,"column":null}},"type":"if","locations":[{"start":{"line":101,"column":4},"end":{"line":102,"column":null}}]},"6":{"loc":{"start":{"line":102,"column":26},"end":{"line":102,"column":41}},"type":"binary-expr","locations":[{"start":{"line":102,"column":26},"end":{"line":102,"column":27}},{"start":{"line":102,"column":31},"end":{"line":102,"column":41}}]},"7":{"loc":{"start":{"line":107,"column":4},"end":{"line":114,"column":null}},"type":"if","locations":[{"start":{"line":107,"column":4},"end":{"line":114,"column":null}},{"start":{"line":112,"column":11},"end":{"line":114,"column":null}}]},"8":{"loc":{"start":{"line":129,"column":25},"end":{"line":129,"column":101}},"type":"cond-expr","locations":[{"start":{"line":129,"column":52},"end":{"line":129,"column":88}},{"start":{"line":129,"column":91},"end":{"line":129,"column":101}}]},"9":{"loc":{"start":{"line":133,"column":4},"end":{"line":135,"column":null}},"type":"if","locations":[{"start":{"line":133,"column":4},"end":{"line":135,"column":null}}]},"10":{"loc":{"start":{"line":133,"column":8},"end":{"line":133,"column":36}},"type":"binary-expr","locations":[{"start":{"line":133,"column":8},"end":{"line":133,"column":19}},{"start":{"line":133,"column":23},"end":{"line":133,"column":36}}]},"11":{"loc":{"start":{"line":136,"column":4},"end":{"line":146,"column":null}},"type":"if","locations":[{"start":{"line":136,"column":4},"end":{"line":146,"column":null}}]},"12":{"loc":{"start":{"line":141,"column":8},"end":{"line":143,"column":null}},"type":"if","locations":[{"start":{"line":141,"column":8},"end":{"line":143,"column":null}}]},"13":{"loc":{"start":{"line":147,"column":4},"end":{"line":157,"column":null}},"type":"if","locations":[{"start":{"line":147,"column":4},"end":{"line":157,"column":null}}]},"14":{"loc":{"start":{"line":152,"column":8},"end":{"line":154,"column":null}},"type":"if","locations":[{"start":{"line":152,"column":8},"end":{"line":154,"column":null}}]},"15":{"loc":{"start":{"line":160,"column":4},"end":{"line":174,"column":null}},"type":"if","locations":[{"start":{"line":160,"column":4},"end":{"line":174,"column":null}},{"start":{"line":169,"column":11},"end":{"line":174,"column":null}}]},"16":{"loc":{"start":{"line":165,"column":8},"end":{"line":167,"column":null}},"type":"if","locations":[{"start":{"line":165,"column":8},"end":{"line":167,"column":null}}]},"17":{"loc":{"start":{"line":187,"column":4},"end":{"line":189,"column":null}},"type":"if","locations":[{"start":{"line":187,"column":4},"end":{"line":189,"column":null}}]},"18":{"loc":{"start":{"line":190,"column":4},"end":{"line":193,"column":null}},"type":"if","locations":[{"start":{"line":190,"column":4},"end":{"line":193,"column":null}}]},"19":{"loc":{"start":{"line":203,"column":23},"end":{"line":203,"column":85}},"type":"cond-expr","locations":[{"start":{"line":203,"column":60},"end":{"line":203,"column":78}},{"start":{"line":203,"column":81},"end":{"line":203,"column":85}}]},"20":{"loc":{"start":{"line":203,"column":23},"end":{"line":203,"column":57}},"type":"binary-expr","locations":[{"start":{"line":203,"column":23},"end":{"line":203,"column":40}},{"start":{"line":203,"column":44},"end":{"line":203,"column":57}}]},"21":{"loc":{"start":{"line":210,"column":27},"end":{"line":210,"column":65}},"type":"cond-expr","locations":[{"start":{"line":210,"column":40},"end":{"line":210,"column":49}},{"start":{"line":210,"column":52},"end":{"line":210,"column":65}}]},"22":{"loc":{"start":{"line":213,"column":7},"end":{"line":291,"column":null}},"type":"cond-expr","locations":[{"start":{"line":214,"column":8},"end":{"line":264,"column":null}},{"start":{"line":267,"column":8},"end":{"line":290,"column":null}}]},"23":{"loc":{"start":{"line":227,"column":30},"end":{"line":227,"column":56}},"type":"cond-expr","locations":[{"start":{"line":227,"column":44},"end":{"line":227,"column":48}},{"start":{"line":227,"column":51},"end":{"line":227,"column":56}}]},"24":{"loc":{"start":{"line":230,"column":17},"end":{"line":252,"column":null}},"type":"binary-expr","locations":[{"start":{"line":230,"column":17},"end":{"line":230,"column":26}},{"start":{"line":231,"column":18},"end":{"line":251,"column":null}}]},"25":{"loc":{"start":{"line":236,"column":41},"end":{"line":236,"column":102}},"type":"cond-expr","locations":[{"start":{"line":236,"column":78},"end":{"line":236,"column":95}},{"start":{"line":236,"column":98},"end":{"line":236,"column":102}}]},"26":{"loc":{"start":{"line":236,"column":41},"end":{"line":236,"column":75}},"type":"binary-expr","locations":[{"start":{"line":236,"column":41},"end":{"line":236,"column":54}},{"start":{"line":236,"column":58},"end":{"line":236,"column":75}}]},"27":{"loc":{"start":{"line":245,"column":41},"end":{"line":245,"column":102}},"type":"cond-expr","locations":[{"start":{"line":245,"column":78},"end":{"line":245,"column":95}},{"start":{"line":245,"column":98},"end":{"line":245,"column":102}}]},"28":{"loc":{"start":{"line":245,"column":41},"end":{"line":245,"column":75}},"type":"binary-expr","locations":[{"start":{"line":245,"column":41},"end":{"line":245,"column":54}},{"start":{"line":245,"column":58},"end":{"line":245,"column":75}}]},"29":{"loc":{"start":{"line":255,"column":15},"end":{"line":261,"column":null}},"type":"binary-expr","locations":[{"start":{"line":255,"column":15},"end":{"line":255,"column":26}},{"start":{"line":256,"column":16},"end":{"line":260,"column":null}}]},"30":{"loc":{"start":{"line":270,"column":13},"end":{"line":288,"column":null}},"type":"binary-expr","locations":[{"start":{"line":270,"column":14},"end":{"line":270,"column":24}},{"start":{"line":270,"column":28},"end":{"line":270,"column":37}},{"start":{"line":271,"column":14},"end":{"line":287,"column":null}}]},"31":{"loc":{"start":{"line":278,"column":35},"end":{"line":278,"column":78}},"type":"cond-expr","locations":[{"start":{"line":278,"column":51},"end":{"line":278,"column":71}},{"start":{"line":278,"column":74},"end":{"line":278,"column":78}}]},"32":{"loc":{"start":{"line":286,"column":35},"end":{"line":286,"column":66}},"type":"cond-expr","locations":[{"start":{"line":286,"column":51},"end":{"line":286,"column":59}},{"start":{"line":286,"column":62},"end":{"line":286,"column":66}}]},"33":{"loc":{"start":{"line":293,"column":7},"end":{"line":299,"column":null}},"type":"binary-expr","locations":[{"start":{"line":293,"column":7},"end":{"line":293,"column":18}},{"start":{"line":294,"column":8},"end":{"line":297,"column":null}}]},"34":{"loc":{"start":{"line":325,"column":4},"end":{"line":327,"column":null}},"type":"if","locations":[{"start":{"line":325,"column":4},"end":{"line":327,"column":null}}]},"35":{"loc":{"start":{"line":335,"column":4},"end":{"line":338,"column":null}},"type":"if","locations":[{"start":{"line":335,"column":4},"end":{"line":338,"column":null}}]},"36":{"loc":{"start":{"line":348,"column":38},"end":{"line":348,"column":110}},"type":"binary-expr","locations":[{"start":{"line":348,"column":38},"end":{"line":348,"column":56}},{"start":{"line":348,"column":60},"end":{"line":348,"column":68}},{"start":{"line":348,"column":72},"end":{"line":348,"column":110}}]},"37":{"loc":{"start":{"line":349,"column":6},"end":{"line":353,"column":null}},"type":"if","locations":[{"start":{"line":349,"column":6},"end":{"line":353,"column":null}},{"start":{"line":351,"column":13},"end":{"line":353,"column":null}}]},"38":{"loc":{"start":{"line":350,"column":73},"end":{"line":350,"column":108}},"type":"binary-expr","locations":[{"start":{"line":350,"column":73},"end":{"line":350,"column":96}},{"start":{"line":350,"column":100},"end":{"line":350,"column":108}}]},"39":{"loc":{"start":{"line":362,"column":8},"end":{"line":362,"column":null}},"type":"if","locations":[{"start":{"line":362,"column":8},"end":{"line":362,"column":null}}]},"40":{"loc":{"start":{"line":367,"column":4},"end":{"line":367,"column":null}},"type":"if","locations":[{"start":{"line":367,"column":4},"end":{"line":367,"column":null}}]},"41":{"loc":{"start":{"line":370,"column":6},"end":{"line":370,"column":null}},"type":"if","locations":[{"start":{"line":370,"column":6},"end":{"line":370,"column":null}}]},"42":{"loc":{"start":{"line":378,"column":10},"end":{"line":406,"column":null}},"type":"binary-expr","locations":[{"start":{"line":378,"column":10},"end":{"line":378,"column":34}},{"start":{"line":379,"column":12},"end":{"line":382,"column":null}}]},"43":{"loc":{"start":{"line":409,"column":7},"end":{"line":412,"column":null}},"type":"binary-expr","locations":[{"start":{"line":409,"column":7},"end":{"line":409,"column":18}},{"start":{"line":410,"column":8},"end":{"line":411,"column":null}}]}},"s":{"0":0,"1":0,"2":0,"3":0,"4":0,"5":0,"6":0,"7":0,"8":0,"9":0,"10":0,"11":0,"12":0,"13":0,"14":0,"15":0,"16":0,"17":0,"18":0,"19":0,"20":0,"21":0,"22":0,"23":0,"24":0,"25":0,"26":0,"27":0,"28":0,"29":0,"30":0,"31":0,"32":0,"33":0,"34":0,"35":0,"36":0,"37":0,"38":0,"39":0,"40":0,"41":0,"42":0,"43":0,"44":0,"45":0,"46":0,"47":0,"48":0,"49":0,"50":0,"51":0,"52":0,"53":0,"54":0,"55":0,"56":0,"57":0,"58":0,"59":0,"60":0,"61":0,"62":0,"63":0,"64":0,"65":0,"66":0,"67":0,"68":0,"69":0,"70":0,"71":0,"72":0,"73":0,"74":0,"75":0,"76":0,"77":0,"78":0,"79":0,"80":0,"81":0,"82":0,"83":0,"84":0,"85":0,"86":0,"87":0,"88":0,"89":0,"90":0,"91":0,"92":0,"93":0,"94":0,"95":0,"96":0,"97":0,"98":0,"99":0,"100":0,"101":0,"102":0,"103":0,"104":0,"105":0,"106":0,"107":0,"108":0,"109":0,"110":0,"111":0,"112":0,"113":0,"114":0,"115":0,"116":0,"117":0,"118":0,"119":0,"120":0,"121":0,"122":0,"123":0,"124":0,"125":0,"126":0,"127":0,"128":0,"129":0,"130":0,"131":0,"132":0,"133":0,"134":0,"135":0,"136":0,"137":0,"138":0,"139":0,"140":0,"141":0,"142":0,"143":0,"144":0,"145":0,"146":0,"147":0,"148":0,"149":0,"150":0,"151":0,"152":0,"153":0,"154":0,"155":0,"156":0,"157":0,"158":0,"159":0,"160":0,"161":0},"f":{"0":0,"1":0,"2":0,"3":0,"4":0,"5":0,"6":0,"7":0,"8":0,"9":0,"10":0,"11":0,"12":0,"13":0,"14":0,"15":0,"16":0,"17":0,"18":0,"19":0,"20":0,"21":0,"22":0,"23":0,"24":0,"25":0,"26":0,"27":0,"28":0,"29":0,"30":0,"31":0,"32":0,"33":0,"34":0,"35":0,"36":0,"37":0,"38":0,"39":0},"b":{"0":[0,0],"1":[0],"2":[0],"3":[0,0],"4":[0],"5":[0],"6":[0,0],"7":[0,0],"8":[0,0],"9":[0],"10":[0,0],"11":[0],"12":[0],"13":[0],"14":[0],"15":[0,0],"16":[0],"17":[0],"18":[0],"19":[0,0],"20":[0,0],"21":[0,0],"22":[0,0],"23":[0,0],"24":[0,0],"25":[0,0],"26":[0,0],"27":[0,0],"28":[0,0],"29":[0,0],"30":[0,0,0],"31":[0,0],"32":[0,0],"33":[0,0],"34":[0],"35":[0],"36":[0,0,0],"37":[0,0],"38":[0,0],"39":[0],"40":[0],"41":[0],"42":[0,0],"43":[0,0]}}
,"C:\\Users\\v-prisinghal\\Pri-Accelerators\\psl-docgen-main\\frontend\\src\\components\\ChatHistory\\ChatHistoryPanel.tsx": {"path":"C:\\Users\\v-prisinghal\\Pri-Accelerators\\psl-docgen-main\\frontend\\src\\components\\ChatHistory\\ChatHistoryPanel.tsx","statementMap":{"0":{"start":{"line":1,"column":0},"end":{"line":1,"column":34}},"1":{"start":{"line":2,"column":0},"end":{"line":2,"column":25}},"2":{"start":{"line":3,"column":0},"end":{"line":3,"column":null}},"3":{"start":{"line":20,"column":0},"end":{"line":20,"column":50}},"4":{"start":{"line":22,"column":0},"end":{"line":22,"column":69}},"5":{"start":{"line":23,"column":0},"end":{"line":23,"column":57}},"6":{"start":{"line":25,"column":0},"end":{"line":25,"column":47}},"7":{"start":{"line":27,"column":0},"end":{"line":27,"column":50}},"8":{"start":{"line":31,"column":0},"end":{"line":31,"column":null}},"9":{"start":{"line":32,"column":2},"end":{"line":32,"column":null}},"10":{"start":{"line":35,"column":43},"end":{"line":42,"column":null}},"11":{"start":{"line":44,"column":53},"end":{"line":44,"column":81}},"12":{"start":{"line":47,"column":26},"end":{"line":47,"column":53}},"13":{"start":{"line":48,"column":54},"end":{"line":48,"column":75}},"14":{"start":{"line":49,"column":65},"end":{"line":49,"column":81}},"15":{"start":{"line":50,"column":34},"end":{"line":50,"column":55}},"16":{"start":{"line":51,"column":44},"end":{"line":51,"column":65}},"17":{"start":{"line":52,"column":25},"end":{"line":52,"column":107}},"18":{"start":{"line":53,"column":37},"end":{"line":60,"column":null}},"19":{"start":{"line":62,"column":21},"end":{"line":67,"column":null}},"20":{"start":{"line":69,"column":43},"end":{"line":71,"column":null}},"21":{"start":{"line":73,"column":29},"end":{"line":75,"column":3}},"22":{"start":{"line":74,"column":4},"end":{"line":74,"column":null}},"23":{"start":{"line":77,"column":31},"end":{"line":80,"column":8}},"24":{"start":{"line":78,"column":4},"end":{"line":78,"column":24}},"25":{"start":{"line":79,"column":4},"end":{"line":79,"column":null}},"26":{"start":{"line":82,"column":31},"end":{"line":82,"column":88}},"27":{"start":{"line":82,"column":55},"end":{"line":82,"column":83}},"28":{"start":{"line":84,"column":32},"end":{"line":94,"column":3}},"29":{"start":{"line":85,"column":4},"end":{"line":85,"column":null}},"30":{"start":{"line":86,"column":21},"end":{"line":86,"column":45}},"31":{"start":{"line":87,"column":4},"end":{"line":92,"column":null}},"32":{"start":{"line":88,"column":6},"end":{"line":88,"column":null}},"33":{"start":{"line":90,"column":6},"end":{"line":90,"column":null}},"34":{"start":{"line":91,"column":6},"end":{"line":91,"column":null}},"35":{"start":{"line":93,"column":4},"end":{"line":93,"column":null}},"36":{"start":{"line":96,"column":31},"end":{"line":101,"column":3}},"37":{"start":{"line":97,"column":4},"end":{"line":97,"column":null}},"38":{"start":{"line":98,"column":4},"end":{"line":100,"column":null}},"39":{"start":{"line":99,"column":6},"end":{"line":99,"column":null}},"40":{"start":{"line":103,"column":2},"end":{"line":103,"column":null}},"41":{"start":{"line":105,"column":2},"end":{"line":234,"column":null}},"42":{"start":{"line":46,"column":0},"end":{"line":46,"column":16}}},"fnMap":{"0":{"name":"(anonymous_1)","decl":{"start":{"line":31,"column":0},"end":{"line":31,"column":12}},"loc":{"start":{"line":31,"column":32},"end":{"line":33,"column":1}}},"1":{"name":"ChatHistoryPanel","decl":{"start":{"line":46,"column":16},"end":{"line":46,"column":32}},"loc":{"start":{"line":46,"column":62},"end":{"line":235,"column":1}}},"2":{"name":"(anonymous_3)","decl":{"start":{"line":73,"column":29},"end":{"line":73,"column":32}},"loc":{"start":{"line":73,"column":34},"end":{"line":75,"column":3}}},"3":{"name":"(anonymous_4)","decl":{"start":{"line":77,"column":49},"end":{"line":77,"column":50}},"loc":{"start":{"line":77,"column":87},"end":{"line":80,"column":3}}},"4":{"name":"(anonymous_5)","decl":{"start":{"line":82,"column":49},"end":{"line":82,"column":52}},"loc":{"start":{"line":82,"column":55},"end":{"line":82,"column":83}}},"5":{"name":"(anonymous_6)","decl":{"start":{"line":84,"column":32},"end":{"line":84,"column":37}},"loc":{"start":{"line":84,"column":43},"end":{"line":94,"column":3}}},"6":{"name":"(anonymous_7)","decl":{"start":{"line":96,"column":31},"end":{"line":96,"column":34}},"loc":{"start":{"line":96,"column":36},"end":{"line":101,"column":3}}},"7":{"name":"(anonymous_8)","decl":{"start":{"line":98,"column":15},"end":{"line":98,"column":18}},"loc":{"start":{"line":98,"column":20},"end":{"line":100,"column":5}}},"8":{"name":"(anonymous_9)","decl":{"start":{"line":103,"column":18},"end":{"line":103,"column":21}},"loc":{"start":{"line":103,"column":23},"end":{"line":103,"column":26}}},"9":{"name":"(anonymous_10)","decl":{"start":{"line":221,"column":30},"end":{"line":221,"column":33}},"loc":{"start":{"line":221,"column":35},"end":{"line":221,"column":38}}}},"branchMap":{"0":{"loc":{"start":{"line":31,"column":12},"end":{"line":31,"column":null}},"type":"binary-expr","locations":[{"start":{"line":31,"column":12},"end":{"line":31,"column":32}},{"start":{"line":31,"column":12},"end":{"line":31,"column":null}}]},"1":{"loc":{"start":{"line":52,"column":25},"end":{"line":52,"column":107}},"type":"binary-expr","locations":[{"start":{"line":52,"column":25},"end":{"line":52,"column":59}},{"start":{"line":52,"column":63},"end":{"line":52,"column":107}}]},"2":{"loc":{"start":{"line":55,"column":11},"end":{"line":55,"column":117}},"type":"cond-expr","locations":[{"start":{"line":55,"column":28},"end":{"line":55,"column":78}},{"start":{"line":55,"column":81},"end":{"line":55,"column":117}}]},"3":{"loc":{"start":{"line":57,"column":13},"end":{"line":59,"column":91}},"type":"cond-expr","locations":[{"start":{"line":58,"column":8},"end":{"line":58,"column":55}},{"start":{"line":59,"column":8},"end":{"line":59,"column":91}}]},"4":{"loc":{"start":{"line":87,"column":4},"end":{"line":92,"column":null}},"type":"if","locations":[{"start":{"line":87,"column":4},"end":{"line":92,"column":null}},{"start":{"line":89,"column":11},"end":{"line":92,"column":null}}]},"5":{"loc":{"start":{"line":170,"column":11},"end":{"line":171,"column":86}},"type":"binary-expr","locations":[{"start":{"line":170,"column":11},"end":{"line":170,"column":93}},{"start":{"line":171,"column":12},"end":{"line":171,"column":63}},{"start":{"line":171,"column":67},"end":{"line":171,"column":86}}]},"6":{"loc":{"start":{"line":172,"column":11},"end":{"line":192,"column":null}},"type":"binary-expr","locations":[{"start":{"line":172,"column":11},"end":{"line":172,"column":90}},{"start":{"line":173,"column":12},"end":{"line":173,"column":54}},{"start":{"line":174,"column":14},"end":{"line":191,"column":null}}]},"7":{"loc":{"start":{"line":179,"column":25},"end":{"line":180,"column":null}},"type":"binary-expr","locations":[{"start":{"line":179,"column":25},"end":{"line":179,"column":75}},{"start":{"line":180,"column":26},"end":{"line":180,"column":91}}]},"8":{"loc":{"start":{"line":182,"column":25},"end":{"line":182,"column":119}},"type":"binary-expr","locations":[{"start":{"line":182,"column":25},"end":{"line":182,"column":76}},{"start":{"line":182,"column":80},"end":{"line":182,"column":119}}]},"9":{"loc":{"start":{"line":194,"column":11},"end":{"line":215,"column":null}},"type":"binary-expr","locations":[{"start":{"line":194,"column":11},"end":{"line":194,"column":93}},{"start":{"line":195,"column":12},"end":{"line":214,"column":null}}]},"10":{"loc":{"start":{"line":221,"column":19},"end":{"line":221,"column":61}},"type":"cond-expr","locations":[{"start":{"line":221,"column":30},"end":{"line":221,"column":38}},{"start":{"line":221,"column":41},"end":{"line":221,"column":61}}]},"11":{"loc":{"start":{"line":225,"column":11},"end":{"line":225,"column":115}},"type":"binary-expr","locations":[{"start":{"line":225,"column":11},"end":{"line":225,"column":25}},{"start":{"line":225,"column":29},"end":{"line":225,"column":115}}]},"12":{"loc":{"start":{"line":229,"column":18},"end":{"line":229,"column":53}},"type":"cond-expr","locations":[{"start":{"line":229,"column":35},"end":{"line":229,"column":43}},{"start":{"line":229,"column":46},"end":{"line":229,"column":53}}]}},"s":{"0":0,"1":0,"2":0,"3":0,"4":0,"5":0,"6":0,"7":0,"8":0,"9":0,"10":0,"11":0,"12":0,"13":0,"14":0,"15":0,"16":0,"17":0,"18":0,"19":0,"20":0,"21":0,"22":0,"23":0,"24":0,"25":0,"26":0,"27":0,"28":0,"29":0,"30":0,"31":0,"32":0,"33":0,"34":0,"35":0,"36":0,"37":0,"38":0,"39":0,"40":0,"41":0,"42":0},"f":{"0":0,"1":0,"2":0,"3":0,"4":0,"5":0,"6":0,"7":0,"8":0,"9":0},"b":{"0":[0,0],"1":[0,0],"2":[0,0],"3":[0,0],"4":[0,0],"5":[0,0,0],"6":[0,0,0],"7":[0,0],"8":[0,0],"9":[0,0],"10":[0,0],"11":[0,0],"12":[0,0]}}
,"C:\\Users\\v-prisinghal\\Pri-Accelerators\\psl-docgen-main\\frontend\\src\\components\\DraftCards\\SectionCard.tsx": {"path":"C:\\Users\\v-prisinghal\\Pri-Accelerators\\psl-docgen-main\\frontend\\src\\components\\DraftCards\\SectionCard.tsx","statementMap":{"0":{"start":{"line":1,"column":0},"end":{"line":1,"column":62}},"1":{"start":{"line":2,"column":0},"end":{"line":2,"column":39}},"2":{"start":{"line":3,"column":0},"end":{"line":3,"column":57}},"3":{"start":{"line":4,"column":0},"end":{"line":4,"column":67}},"4":{"start":{"line":6,"column":0},"end":{"line":6,"column":41}},"5":{"start":{"line":7,"column":0},"end":{"line":7,"column":52}},"6":{"start":{"line":9,"column":0},"end":{"line":9,"column":56}},"7":{"start":{"line":10,"column":0},"end":{"line":10,"column":120}},"8":{"start":{"line":11,"column":0},"end":{"line":11,"column":46}},"9":{"start":{"line":17,"column":18},"end":{"line":112,"column":2}},"10":{"start":{"line":114,"column":20},"end":{"line":266,"column":1}},"11":{"start":{"line":115,"column":19},"end":{"line":115,"column":32}},"12":{"start":{"line":116,"column":18},"end":{"line":116,"column":29}},"13":{"start":{"line":117,"column":36},"end":{"line":117,"column":51}},"14":{"start":{"line":118,"column":44},"end":{"line":118,"column":59}},"15":{"start":{"line":119,"column":26},"end":{"line":119,"column":53}},"16":{"start":{"line":120,"column":36},"end":{"line":120,"column":47}},"17":{"start":{"line":121,"column":52},"end":{"line":121,"column":67}},"18":{"start":{"line":123,"column":2},"end":{"line":125,"column":null}},"19":{"start":{"line":124,"column":4},"end":{"line":124,"column":null}},"20":{"start":{"line":127,"column":18},"end":{"line":127,"column":77}},"21":{"start":{"line":128,"column":2},"end":{"line":130,"column":null}},"22":{"start":{"line":129,"column":4},"end":{"line":129,"column":null}},"23":{"start":{"line":132,"column":23},"end":{"line":132,"column":36}},"24":{"start":{"line":133,"column":29},"end":{"line":133,"column":48}},"25":{"start":{"line":134,"column":25},"end":{"line":134,"column":40}},"26":{"start":{"line":135,"column":32},"end":{"line":135,"column":36}},"27":{"start":{"line":137,"column":2},"end":{"line":139,"column":null}},"28":{"start":{"line":138,"column":4},"end":{"line":138,"column":null}},"29":{"start":{"line":141,"column":57},"end":{"line":141,"column":106}},"30":{"start":{"line":141,"column":70},"end":{"line":141,"column":106}},"31":{"start":{"line":144,"column":4},"end":{"line":144,"column":null}},"32":{"start":{"line":145,"column":59},"end":{"line":145,"column":95}},"33":{"start":{"line":147,"column":21},"end":{"line":147,"column":66}},"34":{"start":{"line":148,"column":25},"end":{"line":148,"column":46}},"35":{"start":{"line":150,"column":36},"end":{"line":154,"column":null}},"36":{"start":{"line":155,"column":4},"end":{"line":155,"column":null}},"37":{"start":{"line":156,"column":18},"end":{"line":156,"column":46}},"38":{"start":{"line":159,"column":4},"end":{"line":161,"column":null}},"39":{"start":{"line":160,"column":6},"end":{"line":160,"column":null}},"40":{"start":{"line":163,"column":4},"end":{"line":163,"column":null}},"41":{"start":{"line":164,"column":4},"end":{"line":164,"column":null}},"42":{"start":{"line":167,"column":2},"end":{"line":171,"column":null}},"43":{"start":{"line":168,"column":4},"end":{"line":170,"column":null}},"44":{"start":{"line":169,"column":6},"end":{"line":169,"column":null}},"45":{"start":{"line":173,"column":2},"end":{"line":265,"column":null}},"46":{"start":{"line":191,"column":18},"end":{"line":191,"column":null}},"47":{"start":{"line":211,"column":52},"end":{"line":211,"column":114}},"48":{"start":{"line":213,"column":18},"end":{"line":216,"column":null}},"49":{"start":{"line":214,"column":20},"end":{"line":214,"column":null}},"50":{"start":{"line":215,"column":20},"end":{"line":215,"column":26}},"51":{"start":{"line":218,"column":18},"end":{"line":218,"column":null}},"52":{"start":{"line":219,"column":18},"end":{"line":219,"column":null}},"53":{"start":{"line":238,"column":32},"end":{"line":238,"column":48}},"54":{"start":{"line":239,"column":16},"end":{"line":243,"column":null}},"55":{"start":{"line":240,"column":18},"end":{"line":240,"column":null}},"56":{"start":{"line":242,"column":18},"end":{"line":242,"column":null}},"57":{"start":{"line":244,"column":16},"end":{"line":244,"column":null}},"58":{"start":{"line":245,"column":48},"end":{"line":249,"column":null}},"59":{"start":{"line":250,"column":16},"end":{"line":253,"column":null}},"60":{"start":{"line":268,"column":0},"end":{"line":268,"column":null}}},"fnMap":{"0":{"name":"(anonymous_1)","decl":{"start":{"line":114,"column":20},"end":{"line":114,"column":21}},"loc":{"start":{"line":114,"column":57},"end":{"line":266,"column":1}}},"1":{"name":"(anonymous_2)","decl":{"start":{"line":137,"column":12},"end":{"line":137,"column":15}},"loc":{"start":{"line":137,"column":17},"end":{"line":139,"column":3}}},"2":{"name":"(anonymous_3)","decl":{"start":{"line":141,"column":57},"end":{"line":141,"column":58}},"loc":{"start":{"line":141,"column":70},"end":{"line":141,"column":106}}},"3":{"name":"fetchSectionContent","decl":{"start":{"line":143,"column":17},"end":{"line":143,"column":36}},"loc":{"start":{"line":143,"column":85},"end":{"line":165,"column":3}}},"4":{"name":"(anonymous_5)","decl":{"start":{"line":167,"column":12},"end":{"line":167,"column":15}},"loc":{"start":{"line":167,"column":17},"end":{"line":171,"column":3}}},"5":{"name":"(anonymous_6)","decl":{"start":{"line":190,"column":25},"end":{"line":190,"column":28}},"loc":{"start":{"line":190,"column":30},"end":{"line":192,"column":17}}},"6":{"name":"(anonymous_7)","decl":{"start":{"line":209,"column":25},"end":{"line":209,"column":28}},"loc":{"start":{"line":209,"column":30},"end":{"line":220,"column":17}}},"7":{"name":"(anonymous_8)","decl":{"start":{"line":237,"column":24},"end":{"line":237,"column":25}},"loc":{"start":{"line":
[...]
n":0},"end":{"line":3,"column":34}},"3":{"start":{"line":4,"column":0},"end":{"line":4,"column":35}},"4":{"start":{"line":5,"column":0},"end":{"line":5,"column":35}},"5":{"start":{"line":6,"column":0},"end":{"line":6,"column":63}},"6":{"start":{"line":7,"column":0},"end":{"line":7,"column":40}},"7":{"start":{"line":17,"column":59},"end":{"line":57,"column":1}},"8":{"start":{"line":18,"column":4},"end":{"line":56,"column":6}},"9":{"start":{"line":32,"column":35},"end":{"line":32,"column":61}},"10":{"start":{"line":43,"column":31},"end":{"line":43,"column":59}},"11":{"start":{"line":17,"column":13},"end":{"line":17,"column":59}}},"fnMap":{"0":{"name":"(anonymous_1)","decl":{"start":{"line":17,"column":59},"end":{"line":17,"column":60}},"loc":{"start":{"line":17,"column":117},"end":{"line":57,"column":1}}},"1":{"name":"(anonymous_2)","decl":{"start":{"line":32,"column":29},"end":{"line":32,"column":32}},"loc":{"start":{"line":32,"column":35},"end":{"line":32,"column":61}}},"2":{"name":"(anonymous_3)","decl":{"start":{"line":43,"column":25},"end":{"line":43,"column":28}},"loc":{"start":{"line":43,"column":31},"end":{"line":43,"column":59}}}},"branchMap":{"0":{"loc":{"start":{"line":39,"column":20},"end":{"line":41,"column":52}},"type":"cond-expr","locations":[{"start":{"line":40,"column":26},"end":{"line":40,"column":44}},{"start":{"line":41,"column":26},"end":{"line":41,"column":52}}]},"1":{"loc":{"start":{"line":39,"column":20},"end":{"line":39,"column":83}},"type":"binary-expr","locations":[{"start":{"line":39,"column":20},"end":{"line":39,"column":38}},{"start":{"line":39,"column":42},"end":{"line":39,"column":83}}]},"2":{"loc":{"start":{"line":41,"column":26},"end":{"line":41,"column":52}},"type":"binary-expr","locations":[{"start":{"line":41,"column":26},"end":{"line":41,"column":46}},{"start":{"line":41,"column":50},"end":{"line":41,"column":52}}]}},"s":{"0":1,"1":1,"2":1,"3":1,"4":1,"5":1,"6":1,"7":1,"8":5,"9":1,"10":3,"11":1},"f":{"0":5,"1":1,"2":3},"b":{"0":[4,1],"1":[5,5],"2":[1,0]}}
,"C:\\Users\\v-prisinghal\\Pri-Accelerators\\psl-docgen-main\\frontend\\src\\pages\\document\\Document.tsx": {"path":"C:\\Users\\v-prisinghal\\Pri-Accelerators\\psl-docgen-main\\frontend\\src\\pages\\document\\Document.tsx","statementMap":{"0":{"start":{"line":1,"column":0},"end":{"line":1,"column":51}},"1":{"start":{"line":2,"column":0},"end":{"line":2,"column":45}},"2":{"start":{"line":3,"column":0},"end":{"line":3,"column":45}},"3":{"start":{"line":11,"column":17},"end":{"line":48,"column":1}},"4":{"start":{"line":12,"column":17},"end":{"line":12,"column":28}},"5":{"start":{"line":13,"column":34},"end":{"line":13,"column":69}},"6":{"start":{"line":14,"column":28},"end":{"line":14,"column":57}},"7":{"start":{"line":15,"column":36},"end":{"line":15,"column":60}},"8":{"start":{"line":17,"column":2},"end":{"line":35,"column":18}},"9":{"start":{"line":18,"column":24},"end":{"line":30,"column":5}},"10":{"start":{"line":19,"column":6},"end":{"line":19,"column":25}},"11":{"start":{"line":20,"column":6},"end":{"line":29,"column":null}},"12":{"start":{"line":21,"column":25},"end":{"line":21,"column":47}},"13":{"start":{"line":22,"column":21},"end":{"line":22,"column":42}},"14":{"start":{"line":23,"column":8},"end":{"line":23,"column":26}},"15":{"start":{"line":25,"column":8},"end":{"line":25,"column":29}},"16":{"start":{"line":26,"column":8},"end":{"line":26,"column":26}},"17":{"start":{"line":28,"column":8},"end":{"line":28,"column":28}},"18":{"start":{"line":32,"column":4},"end":{"line":34,"column":null}},"19":{"start":{"line":33,"column":6},"end":{"line":33,"column":29}},"20":{"start":{"line":37,"column":2},"end":{"line":47,"column":4}},"21":{"start":{"line":50,"column":0},"end":{"line":50,"column":24}}},"fnMap":{"0":{"name":"(anonymous_0)","decl":{"start":{"line":11,"column":17},"end":{"line":11,"column":33}},"loc":{"start":{"line":11,"column":35},"end":{"line":48,"column":1}}},"1":{"name":"(anonymous_1)","decl":{"start":{"line":17,"column":12},"end":{"line":17,"column":15}},"loc":{"start":{"line":17,"column":17},"end":{"line":35,"column":3}}},"2":{"name":"(anonymous_2)","decl":{"start":{"line":18,"column":24},"end":{"line":18,"column":29}},"loc":{"start":{"line":18,"column":45},"end":{"line":30,"column":5}}}},"branchMap":{"0":{"loc":{"start":{"line":32,"column":4},"end":{"line":34,"column":null}},"type":"if","locations":[{"start":{"line":32,"column":4},"end":{"line":34,"column":null}}]},"1":{"loc":{"start":{"line":39,"column":7},"end":{"line":44,"column":null}},"type":"cond-expr","locations":[{"start":{"line":40,"column":8},"end":{"line":40,"column":25}},{"start":{"line":41,"column":10},"end":{"line":44,"column":null}}]},"2":{"loc":{"start":{"line":41,"column":10},"end":{"line":44,"column":null}},"type":"cond-expr","locations":[{"start":{"line":42,"column":8},"end":{"line":42,"column":38}},{"start":{"line":44,"column":8},"end":{"line":44,"column":54}}]}},"s":{"0":1,"1":1,"2":1,"3":1,"4":10,"5":10,"6":9,"7":9,"8":9,"9":4,"10":3,"11":3,"12":3,"13":2,"14":1,"15":2,"16":2,"17":3,"18":4,"19":3,"20":9,"21":1},"f":{"0":10,"1":4,"2":3},"b":{"0":[3],"1":[3,6],"2":[1,5]}}
,"C:\\Users\\v-prisinghal\\Pri-Accelerators\\psl-docgen-main\\frontend\\src\\pages\\draft\\Draft.tsx": {"path":"C:\\Users\\v-prisinghal\\Pri-Accelerators\\psl-docgen-main\\frontend\\src\\pages\\draft\\Draft.tsx","statementMap":{"0":{"start":{"line":1,"column":0},"end":{"line":1,"column":34}},"1":{"start":{"line":2,"column":0},"end":{"line":2,"column":39}},"2":{"start":{"line":3,"column":0},"end":{"line":3,"column":59}},"3":{"start":{"line":4,"column":0},"end":{"line":4,"column":61}},"4":{"start":{"line":5,"column":0},"end":{"line":5,"column":65}},"5":{"start":{"line":6,"column":0},"end":{"line":6,"column":59}},"6":{"start":{"line":7,"column":0},"end":{"line":7,"column":35}},"7":{"start":{"line":8,"column":0},"end":{"line":8,"column":57}},"8":{"start":{"line":9,"column":0},"end":{"line":9,"column":57}},"9":{"start":{"line":11,"column":14},"end":{"line":133,"column":1}},"10":{"start":{"line":12,"column":26},"end":{"line":12,"column":53}},"11":{"start":{"line":13,"column":19},"end":{"line":13,"column":32}},"12":{"start":{"line":14,"column":19},"end":{"line":14,"column":32}},"13":{"start":{"line":17,"column":26},"end":{"line":17,"column":64}},"14":{"start":{"line":18,"column":19},"end":{"line":18,"column":50}},"15":{"start":{"line":19,"column":25},"end":{"line":19,"column":64}},"16":{"start":{"line":22,"column":2},"end":{"line":24,"column":null}},"17":{"start":{"line":23,"column":4},"end":{"line":23,"column":null}},"18":{"start":{"line":26,"column":23},"end":{"line":90,"column":3}},"19":{"start":{"line":27,"column":16},"end":{"line":85,"column":6}},"20":{"start":{"line":55,"column":16},"end":{"line":80,"column":18}},"21":{"start":{"line":68,"column":48},"end":{"line":77,"column":24}},"22":{"start":{"line":87,"column":4},"end":{"line":89,"column":null}},"23":{"start":{"line":88,"column":6},"end":{"line":88,"column":null}},"24":{"start":{"line":93,"column":4},"end":{"line":93,"column":null}},"25":{"start":{"line":93,"column":39},"end":{"line":93,"column":null}},"26":{"start":{"line":94,"column":4},"end":{"line":94,"column":null}},"27":{"start":{"line":97,"column":4},"end":{"line":97,"column":null}},"28":{"start":{"line":100,"column":2},"end":{"line":132,"column":null}},"29":{"start":{"line":104,"column":8},"end":{"line":104,"column":33}},"30":{"start":{"line":135,"column":0},"end":{"line":135,"column":null}}},"fnMap":{"0":{"name":"(anonymous_1)","decl":{"start":{"line":11,"column":14},"end":{"line":11,"column":30}},"loc":{"start":{"line":11,"column":32},"end":{"line":133,"column":1}}},"1":{"name":"(anonymous_2)","decl":{"start":{"line":26,"column":23},"end":{"line":26,"column":26}},"loc":{"start":{"line":26,"column":28},"end":{"line":90,"column":3}}},"2":{"name":"(anonymous_3)","decl":{"start":{"line":54,"column":14},"end":{"line":54,"column":15}},"loc":{"start":{"line":55,"column":16},"end":{"line":80,"column":18}}},"3":{"name":"(anonymous_4)","decl":{"start":{"line":68,"column":27},"end":{"line":68,"column":28}},"loc":{"start":{"line":68,"column":48},"end":{"line":77,"column":24}}},"4":{"name":"(anonymous_5)","decl":{"start":{"line":87,"column":28},"end":{"line":87,"column":32}},"loc":{"start":{"line":87,"column":35},"end":{"line":89,"column":5}}},"5":{"name":"getTitle","decl":{"start":{"line":92,"column":11},"end":{"line":92,"column":19}},"loc":{"start":{"line":92,"column":19},"end":{"line":95,"column":3}}},"6":{"name":"sanitizeTitle","decl":{"start":{"line":96,"column":11},"end":{"line":96,"column":24}},"loc":{"start":{"line":96,"column":38},"end":{"line":98,"column":3}}},"7":{"name":"(anonymous_8)","decl":{"start":{"line":103,"column":28},"end":{"line":103,"column":29}},"loc":{"start":{"line":104,"column":8},"end":{"line":104,"column":33}}}},"branchMap":{"0":{"loc":{"start":{"line":18,"column":19},"end":{"line":18,"column":50}},"type":"binary-expr","locations":[{"start":{"line":18,"column":19},"end":{"line":18,"column":44}},{"start":{"line":18,"column":48},"end":{"line":18,"column":50}}]},"1":{"loc":{"start":{"line":22,"column":2},"end":{"line":24,"column":null}},"type":"if","locations":[{"start":{"line":22,"column":2},"end":{"line":24,"column":null}}]},"2":{"loc":{"start":{"line":93,"column":4},"end":{"line":93,"column":null}},"type":"if","locations":[{"start":{"line":93,"column":4},"end":{"line":93,"column":null}}]},"3":{"loc":{"start":{"line":94,"column":11},"end":{"line":94,"column":112}},"type":"cond-expr","locations":[{"start":{"line":94,"column":65},"end":{"line":94,"column":67}},{"start":{"line":94,"column":70},"end":{"line":94,"column":112}}]},"4":{"loc":{"start":{"line":103,"column":8},"end":{"line":103,"column":22}},"type":"binary-expr","locations":[{"start":{"line":103,"column":8},"end":{"line":103,"column":16}},{"start":{"line":103,"column":20},"end":{"line":103,"column":22}}]}},"s":{"0":1,"1":1,"2":1,"3":1,"4":1,"5":1,"6":1,"7":1,"8":1,"9":1,"10":10,"11":10,"12":10,"13":10,"14":10,"15":10,"16":10,"17":3,"18":10,"19":1,"20":2,"21":2,"22":1,"23":1,"24":2,"25":0,"26":2,"27":1,"28":10,"29":12,"30":1},"f":{"0":10,"1":1,"2":2,"3":2,"4":1,"5":2,"6":1,"7":12},"b":{"0":[10,3],"1":[3],"2":[0],"3":[0,2],"4":[10,0]}}
,"C:\\Users\\v-prisinghal\\Pri-Accelerators\\psl-docgen-main\\frontend\\src\\pages\\landing\\Landing.tsx": {"path":"C:\\Users\\v-prisinghal\\Pri-Accelerators\\psl-docgen-main\\frontend\\src\\pages\\landing\\Landing.tsx","statementMap":{"0":{"start":{"line":1,"column":0},"end":{"line":1,"column":80}},"1":{"start":{"line":2,"column":0},"end":{"line":2,"column":39}},"2":{"start":{"line":3,"column":0},"end":{"line":3,"column":41}},"3":{"start":{"line":4,"column":0},"end":{"line":4,"column":46}},"4":{"start":{"line":5,"column":0},"end":{"line":5,"column":58}},"5":{"start":{"line":6,"column":0},"end":{"line":6,"column":67}},"6":{"start":{"line":7,"column":0},"end":{"line":7,"column":67}},"7":{"start":{"line":9,"column":16},"end":{"line":51,"column":1}},"8":{"start":{"line":10,"column":26},"end":{"line":10,"column":53}},"9":{"start":{"line":11,"column":13},"end":{"line":11,"column":56}},"10":{"start":{"line":13,"column":2},"end":{"line":50,"column":null}},"11":{"start":{"line":53,"column":0},"end":{"line":53,"column":null}}},"fnMap":{"0":{"name":"(anonymous_1)","decl":{"start":{"line":9,"column":16},"end":{"line":9,"column":19}},"loc":{"start":{"line":9,"column":21},"end":{"line":51,"column":1}}}},"branchMap":{"0":{"loc":{"start":{"line":16,"column":22},"end":{"line":16,"column":60}},"type":"cond-expr","locations":[{"start":{"line":16,"column":38},"end":{"line":16,"column":50}},{"start":{"line":16,"column":53},"end":{"line":16,"column":60}}]}},"s":{"0":1,"1":1,"2":1,"3":1,"4":1,"5":1,"6":1,"7":1,"8":3,"9":3,"10":3,"11":1},"f":{"0":3},"b":{"0":[2,1]}}
,"C:\\Users\\v-prisinghal\\Pri-Accelerators\\psl-docgen-main\\frontend\\src\\pages\\layout\\Layout.tsx": {"path":"C:\\Users\\v-prisinghal\\Pri-Accelerators\\psl-docgen-main\\frontend\\src\\pages\\layout\\Layout.tsx","statementMap":{"0":{"start":{"line":1,"column":0},"end":{"line":1,"column":55}},"1":{"start":{"line":2,"column":0},"end":{"line":2,"column":60}},"2":{"start":{"line":3,"column":0},"end":{"line":3,"column":58}},"3":{"start":{"line":4,"column":0},"end":{"line":4,"column":51}},"4":{"start":{"line":6,"column":0},"end":{"line":6,"column":42}},"5":{"start":{"line":7,"column":0},"end":{"line":7,"column":46}},"6":{"start":{"line":8,"column":0},"end":{"line":8,"column":75}},"7":{"start":{"line":9,"column":0},"end":{"line":9,"column":57}},"8":{"start":{"line":10,"column":0},"end":{"line":10,"column":40}},"9":{"start":{"line":11,"column":0},"end":{"line":11,"column":54}},"10":{"start":{"line":14,"column":15},"end":{"line":149,"column":1}},"11":{"start":{"line":15,"column":19},"end":{"line":15,"column":32}},"12":{"start":{"line":16,"column":50},"end":{"line":16,"column":74}},"13":{"start":{"line":17,"column":40},"end":{"line":17,"column":64}},"14":{"start":{"line":18,"column":34},"end":{"line":18,"column":62}},"15":{"start":{"line":19,"column":38},"end":{"line":19,"column":75}},"16":{"start":{"line":20,"column":50},"end":{"line":20,"column":91}},"17":{"start":{"line":21,"column":50},"end":{"line":21,"column":91}},"18":{"start":{"line":22,"column":26},"end":{"line":22,"column":53}},"19":{"start":{"line":23,"column":13},"end":{"line":23,"column":56}},"20":{"start":{"line":25,"column":27},"end":{"line":27,"column":3}},"21":{"start":{"line":26,"column":4},"end":{"line":26,"column":null}},"22":{"start":{"line":29,"column":34},"end":{"line":33,"column":3}},"23":{"start":{"line":30,"column":4},"end":{"line":30,"column":null}},"24":{"start":{"line":31,"column":4},"end":{"line":31,"column":null}},"25":{"start":{"line":32,"column":4},"end":{"line":32,"column":null}},"26":{"start":{"line":35,"column":26},"end":{"line":38,"column":3}},"27":{"start":{"line":36,"column":4},"end":{"line":36,"column":null}},"28":{"start":{"line":37,"column":4},"end":{"line":37,"column":null}},"29":{"start":{"line":40,"column":29},"end":{"line":42,"column":3}},"30":{"start":{"line":41,"column":4},"end":{"line":41,"column":null}},"31":{"start":{"line":44,"column":2},"end":{"line":48,"column":null}},"32":{"start":{"line":45,"column":4},"end":{"line":47,"column":null}},"33":{"start":{"line":46,"column":6},"end":{"line":46,"column":null}},"34":{"start":{"line":50,"column":2},"end":{"line":50,"column":null}},"35":{"start":{"line":52,"column":2},"end":{"line":69,"column":null}},"36":{"start":{"line":53,"column":25},"end":{"line":63,"column":5}},"37":{"start":{"line":54,"column":6},"end":{"line":62,"column":null}},"38":{"start":{"line":55,"column":8},"end":{"line":55,"column":null}},"39":{"start":{"line":56,"column":8},"end":{"line":56,"column":null}},"40":{"start":{"line":57,"column":8},"end":{"line":57,"column":null}},"41":{"start":{"line":59,"column":8},"end":{"line":59,"column":null}},"42":{"start":{"line":60,"column":8},"end":{"line":60,"column":null}},"43":{"start":{"line":61,"column":8},"end":{"line":61,"column":null}},"44":{"start":{"line":65,"column":4},"end":{"line":65,"column":null}},"45":{"start":{"line":66,"column":4},"end":{"line":66,"column":null}},"46":{"start":{"line":68,"column":4},"end":{"line":68,"column":null}},"47":{"start":{"line":68,"column":17},"end":{"line":68,"column":67}},"48":{"start":{"line":71,"column":34},"end":{"line":71,"column":67}},"49":{"start":{"line":72,"column":2},"end":{"line":148,"column":null}},"50":{"start":{"line":141,"column":29},"end":{"line":141,"column":90}},"51":{"start":{"line":151,"column":0},"end":{"line":151,"column":null}}},"fnMap":{"0":{"name":"(anonymous_1)","decl":{"start":{"line":14,"column":15},"end":{"line":14,"column":18}},"loc":{"start":{"line":14,"column":20},"end":{"line":149,"column":1}}},"1":{"name":"(anonymous_2)","decl":{"start":{"line":25,"column":27},"end":{"line":25,"column":30}},"loc":{"start":{"line":25,"column":32},"end":{"line":27,"column":3}}},"2":{"name":"(anonymous_3)","decl":{"start":{"line":29,"column":34},"end":{"line":29,"column":37}},"loc":{"start":{"line":29,"column":39},"end":{"line":33,"column":3}}},"3":{"name":"(anonymous_4)","decl":{"start":{"line":35,"column":26},"end":{"line":35,"column":29}},"loc":{"start":{"line":35,"column":31},"end":{"line":38,"column":3}}},"4":{"name":"(anonymous_5)","decl":{"start":{"line":40,"column":29},"end":{"line":40,"column":32}},"loc":{"start":{"line":40,"column":34},"end":{"line":42,"column":3}}},"5":{"name":"(anonymous_6)","decl":{"start":{"line":44,"column":12},"end":{"line":44,"column":15}},"loc":{"start":{"line":44,"column":17},"end":{"line":48,"column":3}}},"6":{"name":"(anonymous_7)","decl":{"start":{"line":50,"column":12},"end":{"line":50,"column":15}},"loc":{"start":{"line":50,"column":17},"end":{"line":50,"column":20}}},"7":{"name":"(anonymous_8)","decl":{"start":{"line":52,"column":12},"end":{"line":52,"column":15}},"loc":{"start":{"line":52,"column":17},"end":{"line":69,"column":3}}},"8":{"name":"(anonymous_9)","decl":{"start":{"line":53,"column":25},"end":{"line":53,"column":28}},"loc":{"start":{"line":53,"column":30},"end":{"line":63,"column":5}}},"9":{"name":"(anonymous_10)","decl":{"start":{"line":68,"column":11},"end":{"line":68,"column":14}},"loc":{"start":{"line":68,"column":17},"end":{"line":68,"column":67}}},"10":{"name":"(anonymous_11)","decl":{"start":{"line":141,"column":23},"end":{"line":141,"column":24}},"loc":{"start":{"line":141,"column":29},"end":{"line":141,"column":90}}}},"branchMap":{"0":{"loc":{"start":{"line":45,"column":4},"end":{"line":47,"column":null}},"type":"if","locations":[{"start":{"line":45,"column":4},"end":{"line":47,"column":null}}]},"1":{"loc":{"start":{"line":54,"column":6},"end":{"line":62,"column":null}},"type":"if","locations":[{"start":{"line":54,"column":6},"end":{"line":62,"column":null}},{"start":{"line":58,"column":13},"end":{"line":62,"column":null}}]},"2":{"loc":{"start":{"line":77,"column":22},"end":{"line":77,"column":50}},"type":"cond-expr","locations":[{"start":{"line":77,"column":33},"end":{"line":77,"column":40}},{"start":{"line":77,"column":43},"end":{"line":77,"column":50}}]},"3":{"loc":{"start":{"line":83,"column":13},"end":{"line":87,"column":null}},"type":"binary-expr","locations":[{"start":{"line":83,"column":13},"end":{"line":83,"column":36}},{"start":{"line":83,"column":40},"end":{"line":83,"column":123}},{"start":{"line":84,"column":14},"end":{"line":86,"column":null}}]},"4":{"loc":{"start":{"line":86,"column":22},"end":{"line":86,"column":101}},"type":"cond-expr","locations":[{"start":{"line":86,"column":66},"end":{"line":86,"column":82}},{"start":{"line":86,"column":85},"end":{"line":86,"column":101}}]},"5":{"loc":{"start":{"line":89,"column":13},"end":{"line":89,"column":98}},"type":"binary-expr","locations":[{"start":{"line":89,"column":13},"end":{"line":89,"column":34}},{"start":{"line":89,"column":38},"end":{"line":89,"column":98}}]},"6":{"loc":{"start":{"line":141,"column":29},"end":{"line":141,"column":90}},"type":"cond-expr","locations":[{"start":{"line":141,"column":66},"end":{"line":141,"column":83}},{"start":{"line":141,"column":86},"end":{"line":141,"column":90}}]},"7":{"loc":{"start":{"line":141,"column":29},"end":{"line":141,"column":63}},"type":"binary-expr","locations":[{"start":{"line":141,"column":29},"end":{"line":141,"column":46}},{"start":{"line":141,"column":50},"end":{"line":141,"column":63}}]}},"s":{"0":1,"1":1,"2":1,"3":1,"4":1,"5":1,"6":1,"7":1,"8":1,"9":1,"10":1,"11":22,"12":22,"13":22,"14":22,"15":22,"16":22,"17":22,"18":22,"19":22,"20":22,"21":2,"22":22,"23":1,"24":1,"25":1,"26":22,"27":1,"28":0,"29":22,"30":0,"31":22,"32":10,"33":0,"34":22,"35":22,"36":10,"37":11,"38":6,"39":6,"40":6,"41":5,"42":5,"43":5,"44":10,"45":10,"46":10,"47":10,"48":22,"49":22,"50":0,"51":1},"f":{"0":22,"1":2,"2":1,"3":1,"4":0,"5":10,"6":10,"7":10,"8":11,"9":10,"10":0},"b":{"0":[0],"1":[6,5],"2":[0,22],"3":[22,0,0],"4":[0,0],"5":[22,22],"6":[0,0],"7":[0,0]}}
}
