TN:
SF:src\components\Answer\Answer.tsx
FN:24,(anonymous_1)
FN:25,(anonymous_2)
FN:36,(anonymous_3)
FN:47,(anonymous_4)
FN:52,(anonymous_5)
FN:56,(anonymous_6)
FN:68,(anonymous_7)
FN:87,(anonymous_8)
FN:107,(anonymous_9)
FN:127,(anonymous_10)
FN:135,(anonymous_11)
FN:141,(anonymous_12)
FN:147,(anonymous_13)
FN:153,(anonymous_14)
FN:184,(anonymous_15)
FN:191,(anonymous_16)
FN:229,(anonymous_17)
FN:267,(anonymous_18)
FN:278,(anonymous_19)
FN:294,(anonymous_20)
FN:325,(anonymous_21)
FN:332,(anonymous_22)
FN:333,(anonymous_23)
FN:345,(anonymous_24)
FNF:24
FNH:0
FNDA:0,(anonymous_1)
FNDA:0,(anonymous_2)
FNDA:0,(anonymous_3)
FNDA:0,(anonymous_4)
FNDA:0,(anonymous_5)
FNDA:0,(anonymous_6)
FNDA:0,(anonymous_7)
FNDA:0,(anonymous_8)
FNDA:0,(anonymous_9)
FNDA:0,(anonymous_10)
FNDA:0,(anonymous_11)
FNDA:0,(anonymous_12)
FNDA:0,(anonymous_13)
FNDA:0,(anonymous_14)
FNDA:0,(anonymous_15)
FNDA:0,(anonymous_16)
FNDA:0,(anonymous_17)
FNDA:0,(anonymous_18)
FNDA:0,(anonymous_19)
FNDA:0,(anonymous_20)
FNDA:0,(anonymous_21)
FNDA:0,(anonymous_22)
FNDA:0,(anonymous_23)
FNDA:0,(anonymous_24)
DA:1,0
DA:2,0
DA:3,0
DA:4,0
DA:5,0
DA:6,0
DA:7,0
DA:8,0
DA:9,0
DA:10,0
DA:11,0
DA:12,0
DA:13,0
DA:15,0
DA:17,0
DA:24,0
DA:25,0
DA:26,0
DA:27,0
DA:28,0
DA:29,0
DA:30,0
DA:33,0
DA:34,0
DA:36,0
DA:37,0
DA:38,0
DA:39,0
DA:40,0
DA:41,0
DA:42,0
DA:44,0
DA:45,0
DA:47,0
DA:48,0
DA:49,0
DA:52,0
DA:53,0
DA:56,0
DA:57,0
DA:60,0
DA:61,0
DA:63,0
DA:65,0
DA:68,0
DA:69,0
DA:71,0
DA:72,0
DA:73,0
DA:74,0
DA:75,0
DA:77,0
DA:79,0
DA:80,0
DA:82,0
DA:84,0
DA:87,0
DA:88,0
DA:90,0
DA:92,0
DA:93,0
DA:95,0
DA:97,0
DA:101,0
DA:104,0
DA:107,0
DA:108,0
DA:110,0
DA:111,0
DA:112,0
DA:113,0
DA:114,0
DA:117,0
DA:118,0
DA:119,0
DA:121,0
DA:127,0
DA:128,0
DA:129,0
DA:131,0
DA:132,0
DA:133,0
DA:135,0
DA:138,0
DA:141,0
DA:142,0
DA:143,0
DA:144,0
DA:147,0
DA:148,0
DA:149,0
DA:150,0
DA:153,0
DA:154,0
DA:184,0
DA:191,0
DA:192,0
DA:228,0
DA:231,0
DA:232,0
DA:233,0
DA:235,0
DA:236,0
DA:243,0
DA:267,0
DA:278,0
DA:294,0
DA:326,0
DA:332,0
DA:333,0
DA:346,0
DA:347,0
LF:112
LH:0
BRDA:26,0,0,0
BRDA:27,1,0,0
BRDA:28,2,0,0
BRDA:29,3,0,0
BRDA:44,4,0,0
BRDA:44,4,1,0
BRDA:57,5,0,0
BRDA:60,6,0,0
BRDA:60,6,1,0
BRDA:60,7,0,0
BRDA:60,7,1,0
BRDA:68,8,0,0
BRDA:71,9,0,0
BRDA:71,9,1,0
BRDA:72,10,0,0
BRDA:72,10,1,0
BRDA:72,11,0,0
BRDA:72,11,1,0
BRDA:73,12,0,0
BRDA:73,12,1,0
BRDA:73,13,0,0
BRDA:73,13,1,0
BRDA:79,14,0,0
BRDA:79,14,1,0
BRDA:79,15,0,0
BRDA:79,15,1,0
BRDA:88,16,0,0
BRDA:92,17,0,0
BRDA:92,17,1,0
BRDA:108,18,0,0
BRDA:111,19,0,0
BRDA:111,19,1,0
BRDA:111,20,0,0
BRDA:111,20,1,0
BRDA:111,20,2,0
BRDA:128,21,0,0
BRDA:132,22,0,0
BRDA:132,22,1,0
BRDA:142,23,0,0
BRDA:231,24,0,0
BRDA:233,25,0,0
BRDA:233,25,1,0
BRDA:235,26,0,0
BRDA:235,26,1,0
BRDA:253,27,0,0
BRDA:253,27,1,0
BRDA:262,28,0,0
BRDA:262,28,1,0
BRDA:262,28,2,0
BRDA:269,29,0,0
BRDA:269,29,1,0
BRDA:269,30,0,0
BRDA:269,30,1,0
BRDA:280,31,0,0
BRDA:280,31,1,0
BRDA:280,32,0,0
BRDA:280,32,1,0
BRDA:280,32,2,0
BRDA:293,33,0,0
BRDA:293,33,1,0
BRDA:294,34,0,0
BRDA:294,34,1,0
BRDA:294,35,0,0
BRDA:294,35,1,0
BRDA:304,36,0,0
BRDA:304,36,1,0
BRDA:313,37,0,0
BRDA:313,37,1,0
BRDA:323,38,0,0
BRDA:323,38,1,0
BRDA:333,39,0,0
BRDA:333,39,1,0
BRDA:333,40,0,0
BRDA:333,40,1,0
BRDA:373,41,0,0
BRDA:373,41,1,0
BRF:76
BRH:0
end_of_record
TN:
SF:src\components\Answer\AnswerParser.tsx
FN:10,(anonymous_0)
FN:24,parseAnswer
FN:32,(anonymous_2)
FN:36,(anonymous_3)
FNF:4
FNH:4
FNDA:2,(anonymous_0)
FNDA:1,parseAnswer
FNDA:2,(anonymous_2)
FNDA:1,(anonymous_3)
DA:1,1
DA:10,1
DA:11,2
DA:12,2
DA:13,5
DA:14,5
DA:15,5
DA:16,2
DA:18,5
DA:19,5
DA:21,2
DA:24,1
DA:25,1
DA:26,1
DA:28,1
DA:30,1
DA:31,1
DA:32,1
DA:34,2
DA:35,2
DA:36,2
DA:37,2
DA:38,2
DA:39,2
DA:40,2
DA:44,1
DA:46,1
LF:27
LH:27
BRDA:15,0,0,2
BRDA:36,1,0,2
BRDA:36,2,0,2
BRDA:36,2,1,2
BRF:4
BRH:4
end_of_record
TN:
SF:src\components\ChatHistory\ChatHistoryList.tsx
FN:16,(anonymous_6)
FN:20,(anonymous_7)
FN:24,(anonymous_8)
FN:37,(anonymous_9)
FN:51,(anonymous_10)
FN:52,(anonymous_11)
FN:62,(anonymous_12)
FN:66,(anonymous_13)
FNF:8
FNH:0
FNDA:0,(anonymous_6)
FNDA:0,(anonymous_7)
FNDA:0,(anonymous_8)
FNDA:0,(anonymous_9)
FNDA:0,(anonymous_10)
FNDA:0,(anonymous_11)
FNDA:0,(anonymous_12)
FNDA:0,(anonymous_13)
DA:1,0
DA:2,0
DA:5,0
DA:7,0
DA:16,0
DA:17,0
DA:18,0
DA:20,0
DA:21,0
DA:22,0
DA:23,0
DA:24,0
DA:26,0
DA:27,0
DA:29,0
DA:30,0
DA:32,0
DA:37,0
DA:39,0
DA:40,0
DA:41,0
DA:42,0
DA:43,0
DA:44,0
DA:46,0
DA:47,0
DA:48,0
DA:51,0
DA:52,0
DA:53,0
DA:54,0
DA:55,0
DA:59,0
DA:62,0
DA:63,0
DA:64,0
DA:66,0
DA:69,0
DA:70,0
DA:72,0
DA:83,0
DA:86,0
LF:42
LH:0
BRDA:26,0,0,0
BRDA:26,0,1,0
BRDA:29,1,0,0
BRDA:29,1,1,0
BRDA:39,2,0,0
BRDA:39,2,1,0
BRDA:39,3,0,0
BRDA:39,3,1,0
BRDA:41,4,0,0
BRDA:41,4,1,0
BRDA:43,5,0,0
BRDA:69,6,0,0
BRDA:69,6,1,0
BRDA:69,7,0,0
BRDA:69,7,1,0
BRF:15
BRH:0
end_of_record
TN:
SF:src\components\ChatHistory\ChatHistoryListItem.tsx
FN:39,(anonymous_7)
FN:53,(anonymous_8)
FN:85,(anonymous_9)
FN:92,(anonymous_10)
FN:99,(anonymous_11)
FN:105,(anonymous_12)
FN:109,(anonymous_13)
FN:118,(anonymous_14)
FN:124,(anonymous_15)
FN:131,(anonymous_16)
FN:138,(anonymous_17)
FN:149,(anonymous_18)
FN:162,(anonymous_19)
FN:177,(anonymous_20)
FN:181,(anonymous_21)
FN:186,(anonymous_22)
FN:202,(anonymous_23)
FN:203,(anonymous_24)
FN:206,(anonymous_25)
FN:207,(anonymous_26)
FN:216,(anonymous_27)
FN:236,(anonymous_28)
FN:237,(anonymous_29)
FN:245,(anonymous_30)
FN:246,(anonymous_31)
FN:278,(anonymous_32)
FN:286,(anonymous_33)
FN:315,(anonymous_34)
FN:324,(anonymous_35)
FN:330,(anonymous_36)
FN:331,(anonymous_37)
FN:334,(anonymous_38)
FN:340,(anonymous_39)
FN:343,(anonymous_40)
FN:347,(anonymous_41)
FN:359,(anonymous_42)
FN:361,(anonymous_43)
FN:362,(anonymous_44)
FN:369,(anonymous_45)
FN:377,(anonymous_46)
FNF:40
FNH:0
FNDA:0,(anonymous_7)
FNDA:0,(anonymous_8)
FNDA:0,(anonymous_9)
FNDA:0,(anonymous_10)
FNDA:0,(anonymous_11)
FNDA:0,(anonymous_12)
FNDA:0,(anonymous_13)
FNDA:0,(anonymous_14)
FNDA:0,(anonymous_15)
FNDA:0,(anonymous_16)
FNDA:0,(anonymous_17)
FNDA:0,(anonymous_18)
FNDA:0,(anonymous_19)
FNDA:0,(anonymous_20)
FNDA:0,(anonymous_21)
FNDA:0,(anonymous_22)
FNDA:0,(anonymous_23)
FNDA:0,(anonymous_24)
FNDA:0,(anonymous_25)
FNDA:0,(anonymous_26)
FNDA:0,(anonymous_27)
FNDA:0,(anonymous_28)
FNDA:0,(anonymous_29)
FNDA:0,(anonymous_30)
FNDA:0,(anonymous_31)
FNDA:0,(anonymous_32)
FNDA:0,(anonymous_33)
FNDA:0,(anonymous_34)
FNDA:0,(anonymous_35)
FNDA:0,(anonymous_36)
FNDA:0,(anonymous_37)
FNDA:0,(anonymous_38)
FNDA:0,(anonymous_39)
FNDA:0,(anonymous_40)
FNDA:0,(anonymous_41)
FNDA:0,(anonymous_42)
FNDA:0,(anonymous_43)
FNDA:0,(anonymous_44)
FNDA:0,(anonymous_45)
FNDA:0,(anonymous_46)
DA:1,0
DA:2,0
DA:3,0
DA:19,0
DA:21,0
DA:23,0
DA:27,0
DA:28,0
DA:39,0
DA:40,0
DA:41,0
DA:43,0
DA:44,0
DA:46,0
DA:47,0
DA:49,0
DA:53,0
DA:54,0
DA:55,0
DA:56,0
DA:57,0
DA:58,0
DA:59,0
DA:60,0
DA:61,0
DA:62,0
DA:63,0
DA:65,0
DA:66,0
DA:67,0
DA:74,0
DA:81,0
DA:82,0
DA:85,0
DA:86,0
DA:87,0
DA:88,0
DA:92,0
DA:93,0
DA:94,0
DA:95,0
DA:99,0
DA:100,0
DA:101,0
DA:102,0
DA:105,0
DA:106,0
DA:107,0
DA:108,0
DA:109,0
DA:110,0
DA:113,0
DA:115,0
DA:118,0
DA:119,0
DA:120,0
DA:121,0
DA:124,0
DA:125,0
DA:126,0
DA:129,0
DA:131,0
DA:132,0
DA:133,0
DA:134,0
DA:136,0
DA:137,0
DA:138,0
DA:139,0
DA:140,0
DA:141,0
DA:142,0
DA:145,0
DA:147,0
DA:148,0
DA:149,0
DA:150,0
DA:151,0
DA:152,0
DA:153,0
DA:156,0
DA:158,0
DA:159,0
DA:160,0
DA:161,0
DA:162,0
DA:163,0
DA:164,0
DA:165,0
DA:166,0
DA:170,0
DA:171,0
DA:172,0
DA:173,0
DA:177,0
DA:178,0
DA:181,0
DA:182,0
DA:183,0
DA:186,0
DA:187,0
DA:188,0
DA:190,0
DA:191,0
DA:192,0
DA:196,0
DA:202,0
DA:203,0
DA:206,0
DA:207,0
DA:216,0
DA:236,0
DA:237,0
DA:245,0
DA:246,0
DA:278,0
DA:286,0
DA:315,0
DA:316,0
DA:317,0
DA:318,0
DA:319,0
DA:320,0
DA:321,0
DA:322,0
DA:324,0
DA:325,0
DA:326,0
DA:330,0
DA:331,0
DA:334,0
DA:335,0
DA:336,0
DA:337,0
DA:339,0
DA:340,0
DA:343,0
DA:344,0
DA:345,0
DA:347,0
DA:348,0
DA:349,0
DA:350,0
DA:352,0
DA:354,0
DA:355,0
DA:359,0
DA:360,0
DA:362,0
DA:367,0
DA:369,0
DA:370,0
DA:374,0
DA:378,0
LF:154
LH:0
BRDA:46,0,0,0
BRDA:46,0,1,0
BRDA:81,1,0,0
BRDA:86,2,0,0
BRDA:86,3,0,0
BRDA:86,3,1,0
BRDA:93,4,0,0
BRDA:101,5,0,0
BRDA:102,6,0,0
BRDA:102,6,1,0
BRDA:107,7,0,0
BRDA:107,7,1,0
BRDA:129,8,0,0
BRDA:129,8,1,0
BRDA:133,9,0,0
BRDA:133,10,0,0
BRDA:133,10,1,0
BRDA:136,11,0,0
BRDA:141,12,0,0
BRDA:147,13,0,0
BRDA:152,14,0,0
BRDA:160,15,0,0
BRDA:160,15,1,0
BRDA:165,16,0,0
BRDA:187,17,0,0
BRDA:190,18,0,0
BRDA:203,19,0,0
BRDA:203,19,1,0
BRDA:203,20,0,0
BRDA:203,20,1,0
BRDA:210,21,0,0
BRDA:210,21,1,0
BRDA:213,22,0,0
BRDA:213,22,1,0
BRDA:227,23,0,0
BRDA:227,23,1,0
BRDA:230,24,0,0
BRDA:230,24,1,0
BRDA:236,25,0,0
BRDA:236,25,1,0
BRDA:236,26,0,0
BRDA:236,26,1,0
BRDA:245,27,0,0
BRDA:245,27,1,0
BRDA:245,28,0,0
BRDA:245,28,1,0
BRDA:255,29,0,0
BRDA:255,29,1,0
BRDA:270,30,0,0
BRDA:270,30,1,0
BRDA:270,30,2,0
BRDA:278,31,0,0
BRDA:278,31,1,0
BRDA:286,32,0,0
BRDA:286,32,1,0
BRDA:293,33,0,0
BRDA:293,33,1,0
BRDA:325,34,0,0
BRDA:335,35,0,0
BRDA:348,36,0,0
BRDA:348,36,1,0
BRDA:348,36,2,0
BRDA:349,37,0,0
BRDA:349,37,1,0
BRDA:350,38,0,0
BRDA:350,38,1,0
BRDA:362,39,0,0
BRDA:367,40,0,0
BRDA:370,41,0,0
BRDA:378,42,0,0
BRDA:378,42,1,0
BRDA:409,43,0,0
BRDA:409,43,1,0
BRF:73
BRH:0
end_of_record
TN:
SF:src\components\ChatHistory\ChatHistoryPanel.tsx
FN:31,(anonymous_1)
FN:46,ChatHistoryPanel
FN:73,(anonymous_3)
FN:77,(anonymous_4)
FN:82,(anonymous_5)
FN:84,(anonymous_6)
FN:96,(anonymous_7)
FN:98,(anonymous_8)
FN:103,(anonymous_9)
FN:221,(anonymous_10)
FNF:10
FNH:0
FNDA:0,(anonymous_1)
FNDA:0,ChatHistoryPanel
FNDA:0,(anonymous_3)
FNDA:0,(anonymous_4)
FNDA:0,(anonymous_5)
FNDA:0,(anonymous_6)
FNDA:0,(anonymous_7)
FNDA:0,(anonymous_8)
FNDA:0,(anonymous_9)
FNDA:0,(anonymous_10)
DA:1,0
DA:2,0
DA:3,0
DA:20,0
DA:22,0
DA:23,0
DA:25,0
DA:27,0
DA:31,0
DA:32,0
DA:35,0
DA:44,0
DA:46,0
DA:47,0
DA:48,0
DA:49,0
DA:50,0
DA:51,0
DA:52,0
DA:53,0
DA:62,0
DA:69,0
DA:73,0
DA:74,0
DA:77,0
DA:78,0
DA:79,0
DA:82,0
DA:84,0
DA:85,0
DA:86,0
DA:87,0
DA:88,0
DA:90,0
DA:91,0
DA:93,0
DA:96,0
DA:97,0
DA:98,0
DA:99,0
DA:103,0
DA:105,0
LF:42
LH:0
BRDA:31,0,0,0
BRDA:31,0,1,0
BRDA:52,1,0,0
BRDA:52,1,1,0
BRDA:55,2,0,0
BRDA:55,2,1,0
BRDA:57,3,0,0
BRDA:57,3,1,0
BRDA:87,4,0,0
BRDA:87,4,1,0
BRDA:170,5,0,0
BRDA:170,5,1,0
BRDA:170,5,2,0
BRDA:172,6,0,0
BRDA:172,6,1,0
BRDA:172,6,2,0
BRDA:179,7,0,0
BRDA:179,7,1,0
BRDA:182,8,0,0
BRDA:182,8,1,0
BRDA:194,9,0,0
BRDA:194,9,1,0
BRDA:221,10,0,0
BRDA:221,10,1,0
BRDA:225,11,0,0
BRDA:225,11,1,0
BRDA:229,12,0,0
BRDA:229,12,1,0
BRF:28
BRH:0
end_of_record
TN:
SF:src\components\DraftCards\SectionCard.tsx
FN:114,(anonymous_1)
FN:137,(anonymous_2)
FN:141,(anonymous_3)
FN:143,fetchSectionContent
FN:167,(anonymous_5)
FN:190,(anonymous_6)
FN:209,(anonymous_7)
FN:237,(anonymous_8)
FNF:8
FNH:0
FNDA:0,(anonymous_1)
FNDA:0,(anonymous_2)
FNDA:0,(anonymous_3)
FNDA:0,fetchSectionContent
FNDA:0,(anonymous_5)
FNDA:0,(anonymous_6)
FNDA:0,(anonymous_7)
FNDA:0,(anonymous_8)
DA:1,0
DA:2,0
DA:3,0
DA:4,0
DA:6,0
DA:7,0
DA:9,0
DA:10,0
DA:11,0
DA:17,0
DA:114,0
DA:115,0
DA:116,0
DA:117,0
DA:118,0
DA:119,0
DA:120,0
DA:121,0
DA:123,0
DA:124,0
DA:127,0
DA:128,0
DA:129,0
DA:132,0
DA:133,0
DA:134,0
DA:135,0
DA:137,0
DA:138,0
DA:141,0
DA:144,0
DA:145,0
DA:147,0
DA:148,0
DA:150,0
DA:155,0
DA:156,0
DA:159,0
DA:160,0
DA:163,0
DA:164,0
DA:167,0
DA:168,0
DA:169,0
DA:173,0
DA:191,0
DA:211,0
DA:213,0
DA:214,0
DA:215,0
DA:218,0
DA:219,0
DA:238,0
DA:239,0
DA:240,0
DA:242,0
DA:244,0
DA:245,0
DA:250,0
DA:268,0
LF:60
LH:0
BRDA:123,0,0,0
BRDA:128,1,0,0
BRDA:141,2,0,0
BRDA:141,2,1,0
BRDA:156,3,0,0
BRDA:156,3,1,0
BRDA:159,4,0,0
BRDA:168,5,0,0
BRDA:168,6,0,0
BRDA:168,6,1,0
BRDA:168,6,2,0
BRDA:211,7,0,0
BRDA:211,7,1,0
BRDA:213,8,0,0
BRDA:230,9,0,0
BRDA:230,9,1,0
BRDA:230,9,2,0
BRDA:238,10,0,0
BRDA:238,10,1,0
BRDA:239,11,0,0
BRDA:239,11,1,0
BRF:21
BRH:0
end_of_record
TN:
SF:src\components\DraftCards\TitleCard.tsx
FN:17,(anonymous_0)
FN:20,(anonymous_1)
FNF:2
FNH:2
FNDA:20,(anonymous_0)
FNDA:1,(anonymous_1)
DA:1,2
DA:2,2
DA:3,2
DA:4,2
DA:8,2
DA:17,2
DA:18,20
DA:19,19
DA:20,19
DA:21,1
DA:24,19
DA:25,4
DA:28,15
DA:30,15
DA:44,2
LF:15
LH:15
BRDA:24,0,0,4
BRDA:28,1,0,2
BRDA:28,1,1,13
BRF:3
BRH:3
end_of_record
TN:
SF:src\components\FeatureCard\FeatureCard.tsx
FN:54,(anonymous_0)
FN:57,(anonymous_1)
FNF:2
FNH:2
FNDA:6,(anonymous_0)
FNDA:2,(anonymous_1)
DA:2,1
DA:8,1
DA:9,1
DA:12,1
DA:54,1
DA:55,6
DA:56,6
DA:57,6
DA:59,6
DA:80,1
LF:10
LH:10
BRF:0
BRH:0
end_of_record
TN:
SF:src\components\QuestionInput\QuestionInput.tsx
FN:17,(anonymous_1)
FN:20,(anonymous_2)
FN:36,(anonymous_3)
FN:43,(anonymous_4)
FN:67,(anonymous_5)
FNF:5
FNH:4
FNDA:22,(anonymous_1)
FNDA:7,(anonymous_2)
FNDA:6,(anonymous_3)
FNDA:8,(anonymous_4)
FNDA:0,(anonymous_5)
DA:1,1
DA:2,1
DA:3,1
DA:5,1
DA:7,1
DA:17,1
DA:18,22
DA:20,22
DA:21,7
DA:22,2
DA:25,5
DA:26,1
DA:28,4
DA:31,5
DA:32,1
DA:36,22
DA:37,6
DA:38,3
DA:39,3
DA:43,22
DA:44,8
DA:47,22
DA:49,22
DA:67,0
LF:24
LH:23
BRDA:21,0,0,2
BRDA:21,1,0,7
BRDA:21,1,1,7
BRDA:25,2,0,1
BRDA:25,2,1,4
BRDA:31,3,0,1
BRDA:37,4,0,3
BRDA:37,5,0,6
BRDA:37,5,1,4
BRDA:37,5,2,3
BRDA:44,6,0,8
BRDA:44,6,1,0
BRDA:47,7,0,22
BRDA:47,7,1,21
BRDA:67,8,0,0
BRDA:67,8,1,0
BRDA:67,9,0,0
BRDA:67,9,1,0
BRDA:68,10,0,14
BRDA:68,10,1,8
BRF:20
BRH:15
end_of_record
TN:
SF:src\components\Sidebar\Sidebar.tsx
FN:18,(anonymous_1)
FN:30,(anonymous_2)
FN:68,(anonymous_3)
FN:83,(anonymous_4)
FN:88,(anonymous_5)
FN:97,(anonymous_6)
FN:104,(anonymous_7)
FN:105,(anonymous_8)
FN:108,(anonymous_9)
FN:115,(anonymous_10)
FN:146,(anonymous_11)
FN:162,(anonymous_12)
FN:172,(anonymous_13)
FNF:13
FNH:6
FNDA:1,(anonymous_1)
FNDA:57,(anonymous_2)
FNDA:0,(anonymous_3)
FNDA:19,(anonymous_4)
FNDA:19,(anonymous_5)
FNDA:10,(anonymous_6)
FNDA:0,(anonymous_7)
FNDA:0,(anonymous_8)
FNDA:0,(anonymous_9)
FNDA:19,(anonymous_10)
FNDA:0,(anonymous_11)
FNDA:0,(anonymous_12)
FNDA:0,(anonymous_13)
DA:1,1
DA:2,1
DA:3,1
DA:12,1
DA:13,1
DA:14,1
DA:15,1
DA:16,1
DA:18,1
DA:19,1
DA:20,1
DA:21,1
DA:30,1
DA:31,57
DA:37,57
DA:58,57
DA:64,57
DA:66,57
DA:83,1
DA:84,19
DA:85,19
DA:86,19
DA:87,19
DA:88,19
DA:89,19
DA:90,0
DA:93,19
DA:97,19
DA:98,10
DA:99,0
DA:102,10
DA:103,0
DA:105,0
DA:106,0
DA:109,0
DA:115,19
DA:116,19
DA:118,19
DA:119,19
DA:120,19
DA:123,19
DA:125,19
DA:126,19
DA:127,0
DA:129,19
DA:131,19
DA:147,0
DA:148,0
DA:163,0
DA:164,0
DA:173,0
DA:181,1
LF:52
LH:40
BRDA:18,0,0,1
BRDA:18,0,1,1
BRDA:41,1,0,19
BRDA:41,1,1,38
BRDA:47,2,0,19
BRDA:47,2,1,38
BRDA:53,3,0,19
BRDA:53,3,1,38
BRDA:68,4,0,38
BRDA:68,4,1,19
BRDA:70,5,0,19
BRDA:70,5,1,38
BRDA:75,6,0,19
BRDA:75,6,1,38
BRDA:89,7,0,0
BRDA:89,7,1,19
BRDA:98,8,0,0
BRDA:102,9,0,0
BRDA:105,10,0,0
BRDA:105,10,1,0
BRDA:126,11,0,0
BRDA:127,12,0,0
BRDA:127,12,1,0
BRDA:140,13,0,0
BRDA:140,13,1,19
BRDA:142,14,0,0
BRDA:142,14,1,19
BRDA:147,15,0,0
BRDA:155,16,0,0
BRDA:155,16,1,19
BRDA:157,17,0,0
BRDA:157,17,1,19
BRDA:163,18,0,0
BRF:33
BRH:19
end_of_record
TN:
SF:src\components\common\Button.tsx
FN:10,(anonymous_1)
FN:21,(anonymous_2)
FNF:2
FNH:2
FNDA:22,(anonymous_1)
FNDA:3,(anonymous_2)
DA:1,2
DA:3,2
DA:10,2
DA:11,22
DA:21,2
DA:22,3
LF:6
LH:6
BRF:0
BRH:0
end_of_record
TN:
SF:src\constants\chatHistory.tsx
FNF:0
FNH:0
DA:3,5
LF:1
LH:1
BRF:0
BRH:0
end_of_record
TN:
SF:src\constants\xssAllowTags.ts
FNF:0
FNH:0
DA:1,1
LF:1
LH:1
BRF:0
BRH:0
end_of_record
TN:
SF:src\pages\chat\Chat.tsx
FN:49,(anonymous_1)
FN:93,(anonymous_2)
FN:135,(anonymous_3)
FN:144,(anonymous_4)
FN:148,(anonymous_5)
FN:164,(anonymous_6)
FN:166,(anonymous_7)
FN:171,(anonymous_8)
FN:175,(anonymous_9)
FN:190,(anonymous_10)
FN:200,(anonymous_11)
FN:209,(anonymous_12)
FN:223,(anonymous_13)
FN:241,(anonymous_14)
FN:270,(anonymous_15)
FN:299,(anonymous_16)
FN:310,(anonymous_17)
FN:327,(anonymous_18)
FN:333,(anonymous_19)
FN:337,(anonymous_20)
FN:340,(anonymous_21)
FN:391,(anonymous_22)
FN:399,(anonymous_23)
FN:419,(anonymous_24)
FN:425,(anonymous_25)
FN:430,(anonymous_26)
FN:435,(anonymous_27)
FN:457,(anonymous_28)
FN:462,(anonymous_29)
FN:471,(anonymous_30)
FN:489,(anonymous_31)
FN:499,(anonymous_32)
FN:503,(anonymous_33)
FN:506,(anonymous_34)
FN:527,(anonymous_35)
FN:533,(anonymous_36)
FN:554,(anonymous_37)
FN:582,(anonymous_38)
FN:588,(anonymous_39)
FN:605,(anonymous_40)
FN:620,(anonymous_41)
FN:631,(anonymous_42)
FN:646,(anonymous_43)
FN:673,(anonymous_44)
FN:679,(anonymous_45)
FN:689,(anonymous_46)
FN:690,(anonymous_47)
FN:696,(anonymous_48)
FN:711,(anonymous_49)
FN:712,(anonymous_50)
FN:723,(anonymous_51)
FN:727,(anonymous_52)
FN:748,(anonymous_53)
FN:767,(anonymous_54)
FN:771,(anonymous_55)
FN:775,(anonymous_56)
FN:779,(anonymous_57)
FN:786,(anonymous_58)
FN:791,(anonymous_59)
FN:798,(anonymous_60)
FN:839,(anonymous_61)
FN:911,(anonymous_62)
FN:970,(anonymous_63)
FNF:63
FNH:0
FNDA:0,(anonymous_1)
FNDA:0,(anonymous_2)
FNDA:0,(anonymous_3)
FNDA:0,(anonymous_4)
FNDA:0,(anonymous_5)
FNDA:0,(anonymous_6)
FNDA:0,(anonymous_7)
FNDA:0,(anonymous_8)
FNDA:0,(anonymous_9)
FNDA:0,(anonymous_10)
FNDA:0,(anonymous_11)
FNDA:0,(anonymous_12)
FNDA:0,(anonymous_13)
FNDA:0,(anonymous_14)
FNDA:0,(anonymous_15)
FNDA:0,(anonymous_16)
FNDA:0,(anonymous_17)
FNDA:0,(anonymous_18)
FNDA:0,(anonymous_19)
FNDA:0,(anonymous_20)
FNDA:0,(anonymous_21)
FNDA:0,(anonymous_22)
FNDA:0,(anonymous_23)
FNDA:0,(anonymous_24)
FNDA:0,(anonymous_25)
FNDA:0,(anonymous_26)
FNDA:0,(anonymous_27)
FNDA:0,(anonymous_28)
FNDA:0,(anonymous_29)
FNDA:0,(anonymous_30)
FNDA:0,(anonymous_31)
FNDA:0,(anonymous_32)
FNDA:0,(anonymous_33)
FNDA:0,(anonymous_34)
FNDA:0,(anonymous_35)
FNDA:0,(anonymous_36)
FNDA:0,(anonymous_37)
FNDA:0,(anonymous_38)
FNDA:0,(anonymous_39)
FNDA:0,(anonymous_40)
FNDA:0,(anonymous_41)
FNDA:0,(anonymous_42)
FNDA:0,(anonymous_43)
FNDA:0,(anonymous_44)
FNDA:0,(anonymous_45)
FNDA:0,(anonymous_46)
FNDA:0,(anonymous_47)
FNDA:0,(anonymous_48)
FNDA:0,(anonymous_49)
FNDA:0,(anonymous_50)
FNDA:0,(anonymous_51)
FNDA:0,(anonymous_52)
FNDA:0,(anonymous_53)
FNDA:0,(anonymous_54)
FNDA:0,(anonymous_55)
FNDA:0,(anonymous_56)
FNDA:0,(anonymous_57)
FNDA:0,(anonymous_58)
FNDA:0,(anonymous_59)
FNDA:0,(anonymous_60)
FNDA:0,(anonymous_61)
FNDA:0,(anonymous_62)
FNDA:0,(anonymous_63)
DA:1,0
DA:2,0
DA:3,0
DA:15,0
DA:17,0
DA:18,0
DA:19,0
DA:21,0
DA:40,0
DA:41,0
DA:42,0
DA:43,0
DA:44,0
DA:45,0
DA:46,0
DA:47,0
DA:49,0
DA:50,0
DA:51,0
DA:52,0
DA:56,0
DA:59,0
DA:77,0
DA:93,0
DA:94,0
DA:96,0
DA:97,0
DA:98,0
DA:99,0
DA:100,0
DA:101,0
DA:102,0
DA:103,0
DA:104,0
DA:105,0
DA:106,0
DA:107,0
DA:108,0
DA:109,0
DA:110,0
DA:111,0
DA:112,0
DA:113,0
DA:114,0
DA:115,0
DA:116,0
DA:118,0
DA:125,0
DA:132,0
DA:133,0
DA:135,0
DA:136,0
DA:137,0
DA:139,0
DA:141,0
DA:144,0
DA:145,0
DA:148,0
DA:149,0
DA:155,0
DA:156,0
DA:160,0
DA:164,0
DA:165,0
DA:166,0
DA:167,0
DA:171,0
DA:172,0
DA:175,0
DA:176,0
DA:177,0
DA:178,0
DA:180,0
DA:181,0
DA:182,0
DA:184,0
DA:188,0
DA:190,0
DA:192,0
DA:193,0
DA:196,0
DA:197,0
DA:198,0
DA:200,0
DA:201,0
DA:202,0
DA:203,0
DA:204,0
DA:206,0
DA:207,0
DA:209,0
DA:212,0
DA:213,0
DA:214,0
DA:215,0
DA:217,0
DA:219,0
DA:220,0
DA:221,0
DA:223,0
DA:229,0
DA:234,0
DA:236,0
DA:241,0
DA:242,0
DA:243,0
DA:244,0
DA:245,0
DA:247,0
DA:248,0
DA:257,0
DA:259,0
DA:260,0
DA:264,0
DA:270,0
DA:271,0
DA:272,0
DA:273,0
DA:274,0
DA:275,0
DA:276,0
DA:278,0
DA:286,0
DA:287,0
DA:294,0
DA:295,0
DA:296,0
DA:297,0
DA:298,0
DA:299,0
DA:300,0
DA:302,0
DA:306,0
DA:307,0
DA:309,0
DA:310,0
DA:313,0
DA:314,0
DA:315,0
DA:316,0
DA:317,0
DA:319,0
DA:320,0
DA:321,0
DA:322,0
DA:323,0
DA:325,0
DA:326,0
DA:327,0
DA:328,0
DA:329,0
DA:330,0
DA:331,0
DA:332,0
DA:333,0
DA:334,0
DA:335,0
DA:337,0
DA:338,0
DA:340,0
DA:341,0
DA:343,0
DA:344,0
DA:346,0
DA:349,0
DA:350,0
DA:351,0
DA:353,0
DA:358,0
DA:359,0
DA:360,0
DA:361,0
DA:364,0
DA:366,0
DA:367,0
DA:368,0
DA:369,0
DA:370,0
DA:373,0
DA:375,0
DA:381,0
DA:382,0
DA:383,0
DA:385,0
DA:388,0
DA:389,0
DA:390,0
DA:391,0
DA:392,0
DA:393,0
DA:396,0
DA:399,0
DA:400,0
DA:401,0
DA:402,0
DA:403,0
DA:404,0
DA:405,0
DA:408,0
DA:418,0
DA:419,0
DA:420,0
DA:421,0
DA:422,0
DA:423,0
DA:424,0
DA:425,0
DA:426,0
DA:428,0
DA:429,0
DA:430,0
DA:434,0
DA:435,0
DA:437,0
DA:439,0
DA:440,0
DA:441,0
DA:442,0
DA:445,0
DA:446,0
DA:447,0
DA:449,0
DA:456,0
DA:457,0
DA:458,0
DA:459,0
DA:460,0
DA:461,0
DA:462,0
DA:463,0
DA:465,0
DA:467,0
DA:468,0
DA:469,0
DA:470,0
DA:471,0
DA:472,0
DA:474,0
DA:475,0
DA:476,0
DA:478,0
DA:479,0
DA:481,0
DA:482,0
DA:483,0
DA:484,0
DA:485,0
DA:487,0
DA:488,0
DA:489,0
DA:490,0
DA:491,0
DA:492,0
DA:493,0
DA:494,0
DA:495,0
DA:496,0
DA:498,0
DA:499,0
DA:500,0
DA:501,0
DA:503,0
DA:504,0
DA:506,0
DA:507,0
DA:510,0
DA:511,0
DA:512,0
DA:515,0
DA:516,0
DA:517,0
DA:519,0
DA:526,0
DA:527,0
DA:528,0
DA:529,0
DA:530,0
DA:531,0
DA:532,0
DA:533,0
DA:534,0
DA:536,0
DA:540,0
DA:546,0
DA:550,0
DA:551,0
DA:552,0
DA:553,0
DA:554,0
DA:555,0
DA:557,0
DA:558,0
DA:561,0
DA:564,0
DA:565,0
DA:566,0
DA:567,0
DA:568,0
DA:569,0
DA:572,0
DA:574,0
DA:581,0
DA:582,0
DA:583,0
DA:584,0
DA:585,0
DA:586,0
DA:587,0
DA:588,0
DA:589,0
DA:591,0
DA:593,0
DA:594,0
DA:595,0
DA:601,0
DA:602,0
DA:603,0
DA:604,0
DA:605,0
DA:606,0
DA:608,0
DA:614,0
DA:616,0
DA:617,0
DA:618,0
DA:619,0
DA:620,0
DA:621,0
DA:623,0
DA:624,0
DA:626,0
DA:629,0
DA:630,0
DA:631,0
DA:632,0
DA:633,0
DA:635,0
DA:646,0
DA:647,0
DA:648,0
DA:649,0
DA:650,0
DA:651,0
DA:655,0
DA:657,0
DA:661,0
DA:662,0
DA:663,0
DA:664,0
DA:665,0
DA:666,0
DA:669,0
DA:673,0
DA:674,0
DA:675,0
DA:679,0
DA:680,0
DA:681,0
DA:682,0
DA:683,0
DA:684,0
DA:685,0
DA:686,0
DA:689,0
DA:690,0
DA:691,0
DA:692,0
DA:693,0
DA:696,0
DA:697,0
DA:698,0
DA:700,0
DA:703,0
DA:704,0
DA:706,0
DA:708,0
DA:711,0
DA:712,0
DA:713,0
DA:714,0
DA:717,0
DA:718,0
DA:719,0
DA:720,0
DA:721,0
DA:723,0
DA:725,0
DA:726,0
DA:728,0
DA:730,0
DA:731,0
DA:737,0
DA:738,0
DA:742,0
DA:744,0
DA:746,0
DA:749,0
DA:750,0
DA:755,0
DA:760,0
DA:761,0
DA:762,0
DA:763,0
DA:767,0
DA:768,0
DA:771,0
DA:772,0
DA:775,0
DA:776,0
DA:779,0
DA:780,0
DA:781,0
DA:782,0
DA:783,0
DA:786,0
DA:787,0
DA:788,0
DA:791,0
DA:792,0
DA:793,0
DA:798,0
DA:799,0
DA:808,0
DA:839,0
DA:912,0
DA:970,0
DA:992,0
LF:427
LH:0
BRDA:49,0,0,0
BRDA:49,0,1,0
BRDA:93,1,0,0
BRDA:136,2,0,0
BRDA:136,2,1,0
BRDA:149,3,0,0
BRDA:150,4,0,0
BRDA:150,4,1,0
BRDA:150,4,2,0
BRDA:150,4,3,0
BRDA:176,5,0,0
BRDA:181,6,0,0
BRDA:181,6,1,0
BRDA:181,7,0,0
BRDA:181,7,1,0
BRDA:201,8,0,0
BRDA:203,9,0,0
BRDA:203,9,1,0
BRDA:207,10,0,0
BRDA:212,11,0,0
BRDA:212,11,1,0
BRDA:213,12,0,0
BRDA:213,12,1,0
BRDA:217,13,0,0
BRDA:242,14,0,0
BRDA:247,15,0,0
BRDA:257,16,0,0
BRDA:259,17,0,0
BRDA:259,17,1,0
BRDA:260,18,0,0
BRDA:260,18,1,0
BRDA:264,19,0,0
BRDA:264,19,1,0
BRDA:286,20,0,0
BRDA:286,20,1,0
BRDA:288,21,0,0
BRDA:288,21,1,0
BRDA:295,22,0,0
BRDA:295,22,1,0
BRDA:316,23,0,0
BRDA:323,24,0,0
BRDA:329,25,0,0
BRDA:329,26,0,0
BRDA:329,26,1,0
BRDA:332,27,0,0
BRDA:332,27,1,0
BRDA:337,28,0,0
BRDA:343,29,0,0
BRDA:349,30,0,0
BRDA:349,30,1,0
BRDA:364,31,0,0
BRDA:364,31,1,0
BRDA:367,32,0,0
BRDA:367,32,1,0
BRDA:369,33,0,0
BRDA:418,34,0,0
BRDA:418,34,1,0
BRDA:420,35,0,0
BRDA:420,35,1,0
BRDA:442,36,0,0
BRDA:442,36,1,0
BRDA:445,37,0,0
BRDA:448,38,0,0
BRDA:448,38,1,0
BRDA:456,39,0,0
BRDA:456,39,1,0
BRDA:458,40,0,0
BRDA:478,41,0,0
BRDA:485,42,0,0
BRDA:491,43,0,0
BRDA:491,43,1,0
BRDA:491,44,0,0
BRDA:491,44,1,0
BRDA:494,45,0,0
BRDA:498,46,0,0
BRDA:503,47,0,0
BRDA:511,48,0,0
BRDA:515,49,0,0
BRDA:515,49,1,0
BRDA:526,50,0,0
BRDA:526,50,1,0
BRDA:528,51,0,0
BRDA:536,52,0,0
BRDA:536,52,1,0
BRDA:546,53,0,0
BRDA:546,53,1,0
BRDA:550,54,0,0
BRDA:558,55,0,0
BRDA:558,55,1,0
BRDA:564,56,0,0
BRDA:564,56,1,0
BRDA:566,57,0,0
BRDA:566,57,1,0
BRDA:568,58,0,0
BRDA:581,59,0,0
BRDA:581,59,1,0
BRDA:583,60,0,0
BRDA:593,61,0,0
BRDA:616,62,0,0
BRDA:648,63,0,0
BRDA:648,64,0,0
BRDA:648,64,1,0
BRDA:650,65,0,0
BRDA:650,65,1,0
BRDA:661,66,0,0
BRDA:674,67,0,0
BRDA:697,68,0,0
BRDA:697,68,1,0
BRDA:703,69,0,0
BRDA:703,69,1,0
BRDA:717,70,0,0
BRDA:717,71,0,0
BRDA:717,71,1,0
BRDA:717,71,2,0
BRDA:718,72,0,0
BRDA:718,72,1,0
BRDA:718,73,0,0
BRDA:718,73,1,0
BRDA:719,74,0,0
BRDA:725,75,0,0
BRDA:728,76,0,0
BRDA:737,77,0,0
BRDA:760,78,0,0
BRDA:768,79,0,0
BRDA:792,80,0,0
BRDA:792,81,0,0
BRDA:792,81,1,0
BRDA:800,82,0,0
BRDA:800,82,1,0
BRDA:800,82,2,0
BRDA:800,82,3,0
BRDA:800,82,4,0
BRDA:810,83,0,0
BRDA:810,83,1,0
BRDA:815,84,0,0
BRDA:815,84,1,0
BRDA:815,85,0,0
BRDA:815,85,1,0
BRDA:831,86,0,0
BRDA:831,86,1,0
BRDA:831,86,2,0
BRDA:839,87,0,0
BRDA:839,87,1,0
BRDA:839,88,0,0
BRDA:839,88,1,0
BRDA:847,89,0,0
BRDA:847,89,1,0
BRDA:847,89,2,0
BRDA:893,90,0,0
BRDA:893,90,1,0
BRDA:893,91,0,0
BRDA:893,91,1,0
BRDA:912,92,0,0
BRDA:912,92,1,0
BRDA:912,93,0,0
BRDA:912,93,1,0
BRDA:917,94,0,0
BRDA:917,94,1,0
BRDA:920,95,0,0
BRDA:920,95,1,0
BRDA:941,96,0,0
BRDA:941,96,1,0
BRDA:949,97,0,0
BRDA:949,97,1,0
BRDA:949,97,2,0
BRDA:949,97,3,0
BRDA:949,97,4,0
BRDA:956,98,0,0
BRDA:956,98,1,0
BRDA:956,98,2,0
BRDA:956,98,3,0
BRDA:975,99,0,0
BRDA:975,99,1,0
BRDA:975,99,2,0
BRDA:975,99,3,0
BRF:175
BRH:0
end_of_record
TN:
SF:src\pages\chat\Components\AuthNotConfigure.tsx
FN:7,(anonymous_1)
FNF:1
FNH:1
FNDA:2,(anonymous_1)
DA:2,1
DA:3,1
DA:5,1
DA:7,1
DA:8,2
LF:5
LH:5
BRF:0
BRH:0
end_of_record
TN:
SF:src\pages\chat\Components\ChatMessageContainer.tsx
FN:22,(anonymous_1)
FN:27,(anonymous_2)
FN:42,(anonymous_3)
FN:64,(anonymous_4)
FNF:4
FNH:4
FNDA:8,(anonymous_1)
FNDA:9,(anonymous_2)
FNDA:1,(anonymous_3)
FNDA:1,(anonymous_4)
DA:1,1
DA:2,1
DA:3,1
DA:4,1
DA:5,1
DA:6,1
DA:7,1
DA:17,1
DA:22,1
DA:23,8
DA:25,7
DA:28,9
DA:42,1
DA:64,1
LF:14
LH:14
BRDA:26,0,0,0
BRDA:26,0,1,7
BRDA:29,1,0,3
BRDA:29,1,1,6
BRDA:33,2,0,4
BRDA:33,2,1,2
BRDA:37,3,0,2
BRDA:37,3,1,2
BRDA:45,4,0,1
BRDA:45,4,1,1
BRDA:28,5,0,9
BRDA:28,5,1,0
BRDA:57,6,0,7
BRDA:57,6,1,4
BRDA:61,7,0,2
BRDA:61,7,1,2
BRF:16
BRH:14
end_of_record
TN:
SF:src\pages\chat\Components\CitationPanel.tsx
FN:17,(anonymous_1)
FN:32,(anonymous_2)
FN:43,(anonymous_3)
FNF:3
FNH:3
FNDA:5,(anonymous_1)
FNDA:1,(anonymous_2)
FNDA:3,(anonymous_3)
DA:1,1
DA:2,1
DA:3,1
DA:4,1
DA:5,1
DA:6,1
DA:7,1
DA:17,1
DA:18,5
DA:32,1
DA:43,3
LF:11
LH:11
BRDA:39,0,0,4
BRDA:39,0,1,1
BRDA:39,1,0,5
BRDA:39,1,1,5
BRDA:41,2,0,1
BRDA:41,2,1,0
BRF:6
BRH:5
end_of_record
TN:
SF:src\pages\document\Document.tsx
FN:11,(anonymous_0)
FN:17,(anonymous_1)
FN:18,(anonymous_2)
FNF:3
FNH:3
FNDA:10,(anonymous_0)
FNDA:4,(anonymous_1)
FNDA:3,(anonymous_2)
DA:1,1
DA:2,1
DA:3,1
DA:11,1
DA:12,10
DA:13,10
DA:14,9
DA:15,9
DA:17,9
DA:18,4
DA:19,3
DA:20,3
DA:21,3
DA:22,2
DA:23,1
DA:25,2
DA:26,2
DA:28,3
DA:32,4
DA:33,3
DA:37,9
DA:50,1
LF:22
LH:22
BRDA:32,0,0,3
BRDA:39,1,0,3
BRDA:39,1,1,6
BRDA:41,2,0,1
BRDA:41,2,1,5
BRF:5
BRH:5
end_of_record
TN:
SF:src\pages\draft\Draft.tsx
FN:11,(anonymous_1)
FN:26,(anonymous_2)
FN:54,(anonymous_3)
FN:68,(anonymous_4)
FN:87,(anonymous_5)
FN:92,getTitle
FN:96,sanitizeTitle
FN:103,(anonymous_8)
FNF:8
FNH:8
FNDA:10,(anonymous_1)
FNDA:1,(anonymous_2)
FNDA:2,(anonymous_3)
FNDA:2,(anonymous_4)
FNDA:1,(anonymous_5)
FNDA:2,getTitle
FNDA:1,sanitizeTitle
FNDA:12,(anonymous_8)
DA:1,1
DA:2,1
DA:3,1
DA:4,1
DA:5,1
DA:6,1
DA:7,1
DA:8,1
DA:9,1
DA:11,1
DA:12,10
DA:13,10
DA:14,10
DA:17,10
DA:18,10
DA:19,10
DA:22,10
DA:23,3
DA:26,10
DA:27,1
DA:55,2
DA:68,2
DA:87,1
DA:88,1
DA:93,2
DA:94,2
DA:97,1
DA:100,10
DA:104,12
DA:135,1
LF:30
LH:30
BRDA:18,0,0,10
BRDA:18,0,1,3
BRDA:22,1,0,3
BRDA:93,2,0,0
BRDA:94,3,0,0
BRDA:94,3,1,2
BRDA:103,4,0,10
BRDA:103,4,1,0
BRF:8
BRH:5
end_of_record
TN:
SF:src\pages\landing\Landing.tsx
FN:9,(anonymous_1)
FNF:1
FNH:1
FNDA:3,(anonymous_1)
DA:1,1
DA:2,1
DA:3,1
DA:4,1
DA:5,1
DA:6,1
DA:7,1
DA:9,1
DA:10,3
DA:11,3
DA:13,3
DA:53,1
LF:12
LH:12
BRDA:16,0,0,2
BRDA:16,0,1,1
BRF:2
BRH:2
end_of_record
TN:
SF:src\pages\layout\Layout.tsx
FN:14,(anonymous_1)
FN:25,(anonymous_2)
FN:29,(anonymous_3)
FN:35,(anonymous_4)
FN:40,(anonymous_5)
FN:44,(anonymous_6)
FN:50,(anonymous_7)
FN:52,(anonymous_8)
FN:53,(anonymous_9)
FN:68,(anonymous_10)
FN:141,(anonymous_11)
FNF:11
FNH:9
FNDA:22,(anonymous_1)
FNDA:2,(anonymous_2)
FNDA:1,(anonymous_3)
FNDA:1,(anonymous_4)
FNDA:0,(anonymous_5)
FNDA:10,(anonymous_6)
FNDA:10,(anonymous_7)
FNDA:10,(anonymous_8)
FNDA:11,(anonymous_9)
FNDA:10,(anonymous_10)
FNDA:0,(anonymous_11)
DA:1,1
DA:2,1
DA:3,1
DA:4,1
DA:6,1
DA:7,1
DA:8,1
DA:9,1
DA:10,1
DA:11,1
DA:14,1
DA:15,22
DA:16,22
DA:17,22
DA:18,22
DA:19,22
DA:20,22
DA:21,22
DA:22,22
DA:23,22
DA:25,22
DA:26,2
DA:29,22
DA:30,1
DA:31,1
DA:32,1
DA:35,22
DA:36,1
DA:37,0
DA:40,22
DA:41,0
DA:44,22
DA:45,10
DA:46,0
DA:50,22
DA:52,22
DA:53,10
DA:54,11
DA:55,6
DA:56,6
DA:57,6
DA:59,5
DA:60,5
DA:61,5
DA:65,10
DA:66,10
DA:68,10
DA:71,22
DA:72,22
DA:141,0
DA:151,1
LF:51
LH:47
BRDA:45,0,0,0
BRDA:54,1,0,6
BRDA:54,1,1,5
BRDA:77,2,0,0
BRDA:77,2,1,22
BRDA:83,3,0,22
BRDA:83,3,1,0
BRDA:83,3,2,0
BRDA:86,4,0,0
BRDA:86,4,1,0
BRDA:89,5,0,22
BRDA:89,5,1,22
BRDA:141,6,0,0
BRDA:141,6,1,0
BRDA:141,7,0,0
BRDA:141,7,1,0
BRF:16
BRH:6
end_of_record
